{"meta": {"format": 3, "version": "7.10.7", "timestamp": "2025-10-13T15:46:52.463352", "branch_coverage": false, "show_contexts": false}, "files": {"src/second_brain_ocr/__init__.py": {"executed_lines": [0], "summary": {"covered_lines": 0, "num_statements": 0, "percent_covered": 100.0, "percent_covered_display": "100", "missing_lines": 0, "excluded_lines": 0}, "missing_lines": [], "excluded_lines": [], "functions": {"": {"executed_lines": [], "summary": {"covered_lines": 0, "num_statements": 0, "percent_covered": 100.0, "percent_covered_display": "100", "missing_lines": 0, "excluded_lines": 0}, "missing_lines": [], "excluded_lines": []}}, "classes": {"": {"executed_lines": [], "summary": {"covered_lines": 0, "num_statements": 0, "percent_covered": 100.0, "percent_covered_display": "100", "missing_lines": 0, "excluded_lines": 0}, "missing_lines": [], "excluded_lines": []}}}, "src/second_brain_ocr/config.py": {"executed_lines": [1, 3, 4, 5, 6, 7, 8, 10, 12, 14, 17, 19, 20, 21, 27, 33, 34, 36, 37, 38, 40, 41, 43, 44, 45, 46, 48, 49, 50, 52, 60, 62, 64, 67, 68, 72, 73, 74, 75, 76, 79, 82, 83, 86, 87, 90, 92, 93, 95, 96, 98, 99, 100, 102, 107, 109, 110, 112, 113, 116, 124, 126, 127, 129, 132, 138, 139, 140, 141, 144, 150, 151, 152, 155, 156, 157, 161, 162, 166, 169, 175, 177, 178, 181, 182, 185, 186, 189, 195, 196, 197, 198, 201, 218, 221, 222, 225, 226, 227, 231, 232, 241, 243, 244, 246, 249, 252, 253, 254, 255], "summary": {"covered_lines": 108, "num_statements": 141, "percent_covered": 76.59574468085107, "percent_covered_display": "77", "missing_lines": 33, "excluded_lines": 0}, "missing_lines": [22, 26, 28, 29, 30, 101, 103, 104, 105, 114, 117, 118, 119, 120, 121, 122, 158, 163, 170, 202, 203, 204, 209, 210, 211, 212, 214, 215, 228, 250, 256, 257, 258], "excluded_lines": [], "functions": {"_get_int_in_range": {"executed_lines": [19, 20, 21, 27], "summary": {"covered_lines": 4, "num_statements": 9, "percent_covered": 44.44444444444444, "percent_covered_display": "44", "missing_lines": 5, "excluded_lines": 0}, "missing_lines": [22, 26, 28, 29, 30], "excluded_lines": []}, "Config._validate_url": {"executed_lines": [95, 96, 98, 99, 100, 102, 107], "summary": {"covered_lines": 7, "num_statements": 11, "percent_covered": 63.63636363636363, "percent_covered_display": "64", "missing_lines": 4, "excluded_lines": 0}, "missing_lines": [101, 103, 104, 105], "excluded_lines": []}, "Config._validate_path": {"executed_lines": [112, 113, 116, 124], "summary": {"covered_lines": 4, "num_statements": 11, "percent_covered": 36.36363636363637, "percent_covered_display": "36", "missing_lines": 7, "excluded_lines": 0}, "missing_lines": [114, 117, 118, 119, 120, 121, 122], "excluded_lines": []}, "Config.validate": {"executed_lines": [129, 132, 138, 139, 140, 141, 144, 150, 151, 152, 155, 156, 157, 161, 162, 166, 169, 175], "summary": {"covered_lines": 18, "num_statements": 21, "percent_covered": 85.71428571428571, "percent_covered_display": "86", "missing_lines": 3, "excluded_lines": 0}, "missing_lines": [158, 163, 170], "excluded_lines": []}, "Config.setup_logging": {"executed_lines": [181, 182, 185, 186, 189, 195, 196, 197, 198, 201, 218, 221, 222, 225, 226, 227], "summary": {"covered_lines": 16, "num_statements": 26, "percent_covered": 61.53846153846154, "percent_covered_display": "62", "missing_lines": 10, "excluded_lines": 0}, "missing_lines": [202, 203, 204, 209, 210, 211, 212, 214, 215, 228], "excluded_lines": []}, "Config.get_logger": {"executed_lines": [241], "summary": {"covered_lines": 1, "num_statements": 1, "percent_covered": 100.0, "percent_covered_display": "100", "missing_lines": 0, "excluded_lines": 0}, "missing_lines": [], "excluded_lines": []}, "Config.ensure_directories": {"executed_lines": [246, 249, 252, 253, 254, 255], "summary": {"covered_lines": 6, "num_statements": 10, "percent_covered": 60.0, "percent_covered_display": "60", "missing_lines": 4, "excluded_lines": 0}, "missing_lines": [250, 256, 257, 258], "excluded_lines": []}, "": {"executed_lines": [1, 3, 4, 5, 6, 7, 8, 10, 12, 14, 17, 33, 34, 36, 37, 38, 40, 41, 43, 44, 45, 46, 48, 49, 50, 52, 60, 62, 64, 67, 68, 72, 73, 74, 75, 76, 79, 82, 83, 86, 87, 90, 92, 93, 109, 110, 126, 127, 177, 178, 231, 232, 243, 244], "summary": {"covered_lines": 52, "num_statements": 52, "percent_covered": 100.0, "percent_covered_display": "100", "missing_lines": 0, "excluded_lines": 0}, "missing_lines": [], "excluded_lines": []}}, "classes": {"Config": {"executed_lines": [95, 96, 98, 99, 100, 102, 107, 112, 113, 116, 124, 129, 132, 138, 139, 140, 141, 144, 150, 151, 152, 155, 156, 157, 161, 162, 166, 169, 175, 181, 182, 185, 186, 189, 195, 196, 197, 198, 201, 218, 221, 222, 225, 226, 227, 241, 246, 249, 252, 253, 254, 255], "summary": {"covered_lines": 52, "num_statements": 80, "percent_covered": 65.0, "percent_covered_display": "65", "missing_lines": 28, "excluded_lines": 0}, "missing_lines": [101, 103, 104, 105, 114, 117, 118, 119, 120, 121, 122, 158, 163, 170, 202, 203, 204, 209, 210, 211, 212, 214, 215, 228, 250, 256, 257, 258], "excluded_lines": []}, "": {"executed_lines": [1, 3, 4, 5, 6, 7, 8, 10, 12, 14, 17, 19, 20, 21, 27, 33, 34, 36, 37, 38, 40, 41, 43, 44, 45, 46, 48, 49, 50, 52, 60, 62, 64, 67, 68, 72, 73, 74, 75, 76, 79, 82, 83, 86, 87, 90, 92, 93, 109, 110, 126, 127, 177, 178, 231, 232, 243, 244], "summary": {"covered_lines": 56, "num_statements": 61, "percent_covered": 91.80327868852459, "percent_covered_display": "92", "missing_lines": 5, "excluded_lines": 0}, "missing_lines": [22, 26, 28, 29, 30], "excluded_lines": []}}}, "src/second_brain_ocr/embeddings.py": {"executed_lines": [1, 3, 4, 6, 8, 10, 13, 14, 20, 21, 24, 25, 26, 27, 28, 30, 39, 40, 41, 43, 44, 45, 47, 48, 49, 52, 55, 56, 58, 67, 69, 70, 71, 73, 75, 77, 78, 80, 82, 83, 84, 86, 87, 90, 92, 94, 95, 96, 97, 98, 99, 101, 103, 104, 105, 106, 107, 110, 112, 114, 116, 117, 118, 119, 120, 121, 124, 126, 128, 129, 131, 132, 133, 135, 136, 138, 147, 149, 150, 153, 154, 157, 158, 159, 162, 163, 165, 173, 175, 176, 177, 178, 180, 189, 190, 191, 193, 194, 196, 197, 199, 200, 201, 202, 203, 204, 207, 208, 210, 218, 220, 231, 232, 233, 235, 236, 239, 240, 242, 244, 245, 247, 248, 250, 251, 254, 256, 257, 258, 259, 260, 261, 263, 264, 265, 270, 271, 272, 274, 279, 281, 287, 288, 291, 292, 294, 295, 296, 298, 299, 301, 302, 303, 305, 311], "summary": {"covered_lines": 153, "num_statements": 156, "percent_covered": 98.07692307692308, "percent_covered_display": "98", "missing_lines": 3, "excluded_lines": 0}, "missing_lines": [53, 266, 267], "excluded_lines": [], "functions": {"EmbeddingGenerator.__init__": {"executed_lines": [21, 24, 25, 26, 27, 28], "summary": {"covered_lines": 6, "num_statements": 6, "percent_covered": 100.0, "percent_covered_display": "100", "missing_lines": 0, "excluded_lines": 0}, "missing_lines": [], "excluded_lines": []}, "EmbeddingGenerator._validate_text": {"executed_lines": [39, 40, 41, 43, 44, 45, 47, 48, 49, 52, 55, 56], "summary": {"covered_lines": 12, "num_statements": 13, "percent_covered": 92.3076923076923, "percent_covered_display": "92", "missing_lines": 1, "excluded_lines": 0}, "missing_lines": [53], "excluded_lines": []}, "EmbeddingGenerator._generate_embedding_with_retry": {"executed_lines": [67, 69, 70, 71, 73, 75, 77, 78, 80, 82, 83, 84, 86, 87, 90, 92, 94, 95, 96, 97, 98, 99, 101, 103, 104, 105, 106, 107, 110, 112, 114, 116, 117, 118, 119, 120, 121, 124, 126, 128, 129, 131, 132, 133, 135, 136], "summary": {"covered_lines": 46, "num_statements": 46, "percent_covered": 100.0, "percent_covered_display": "100", "missing_lines": 0, "excluded_lines": 0}, "missing_lines": [], "excluded_lines": []}, "EmbeddingGenerator.generate_embedding": {"executed_lines": [147, 149, 150, 153, 154, 157, 158, 159, 162, 163, 165, 173, 175, 176, 177, 178], "summary": {"covered_lines": 16, "num_statements": 16, "percent_covered": 100.0, "percent_covered_display": "100", "missing_lines": 0, "excluded_lines": 0}, "missing_lines": [], "excluded_lines": []}, "EmbeddingGenerator.generate_embeddings_batch": {"executed_lines": [189, 190, 191, 193, 194, 196, 197, 199, 200, 201, 202, 203, 204, 207, 208, 210, 218], "summary": {"covered_lines": 17, "num_statements": 17, "percent_covered": 100.0, "percent_covered_display": "100", "missing_lines": 0, "excluded_lines": 0}, "missing_lines": [], "excluded_lines": []}, "EmbeddingGenerator.chunk_text": {"executed_lines": [231, 232, 233, 235, 236, 239, 240, 242, 244, 245, 247, 248, 250, 251, 254, 256, 257, 258, 259, 260, 261, 263, 264, 265, 270, 271, 272, 274, 279], "summary": {"covered_lines": 29, "num_statements": 31, "percent_covered": 93.54838709677419, "percent_covered_display": "94", "missing_lines": 2, "excluded_lines": 0}, "missing_lines": [266, 267], "excluded_lines": []}, "EmbeddingGenerator.health_check": {"executed_lines": [287, 288, 291, 292, 294, 295, 296, 298, 299, 301, 302, 303], "summary": {"covered_lines": 12, "num_statements": 12, "percent_covered": 100.0, "percent_covered_display": "100", "missing_lines": 0, "excluded_lines": 0}, "missing_lines": [], "excluded_lines": []}, "EmbeddingGenerator.get_embedding_info": {"executed_lines": [311], "summary": {"covered_lines": 1, "num_statements": 1, "percent_covered": 100.0, "percent_covered_display": "100", "missing_lines": 0, "excluded_lines": 0}, "missing_lines": [], "excluded_lines": []}, "": {"executed_lines": [1, 3, 4, 6, 8, 10, 13, 14, 20, 30, 58, 138, 180, 220, 281, 305], "summary": {"covered_lines": 14, "num_statements": 14, "percent_covered": 100.0, "percent_covered_display": "100", "missing_lines": 0, "excluded_lines": 0}, "missing_lines": [], "excluded_lines": []}}, "classes": {"EmbeddingGenerator": {"executed_lines": [21, 24, 25, 26, 27, 28, 39, 40, 41, 43, 44, 45, 47, 48, 49, 52, 55, 56, 67, 69, 70, 71, 73, 75, 77, 78, 80, 82, 83, 84, 86, 87, 90, 92, 94, 95, 96, 97, 98, 99, 101, 103, 104, 105, 106, 107, 110, 112, 114, 116, 117, 118, 119, 120, 121, 124, 126, 128, 129, 131, 132, 133, 135, 136, 147, 149, 150, 153, 154, 157, 158, 159, 162, 163, 165, 173, 175, 176, 177, 178, 189, 190, 191, 193, 194, 196, 197, 199, 200, 201, 202, 203, 204, 207, 208, 210, 218, 231, 232, 233, 235, 236, 239, 240, 242, 244, 245, 247, 248, 250, 251, 254, 256, 257, 258, 259, 260, 261, 263, 264, 265, 270, 271, 272, 274, 279, 287, 288, 291, 292, 294, 295, 296, 298, 299, 301, 302, 303, 311], "summary": {"covered_lines": 139, "num_statements": 142, "percent_covered": 97.88732394366197, "percent_covered_display": "98", "missing_lines": 3, "excluded_lines": 0}, "missing_lines": [53, 266, 267], "excluded_lines": []}, "": {"executed_lines": [1, 3, 4, 6, 8, 10, 13, 14, 20, 30, 58, 138, 180, 220, 281, 305], "summary": {"covered_lines": 14, "num_statements": 14, "percent_covered": 100.0, "percent_covered_display": "100", "missing_lines": 0, "excluded_lines": 0}, "missing_lines": [], "excluded_lines": []}}}, "src/second_brain_ocr/indexer.py": {"executed_lines": [1, 3, 4, 5, 6, 7, 9, 10, 16, 17, 18, 29, 31, 34, 35, 37, 59, 60, 62, 63, 64, 65, 66, 67, 68, 71, 72, 74, 75, 76, 77, 81, 91, 103, 105, 106, 107, 109, 110, 111, 114, 115, 116, 118, 119, 120, 123, 124, 125, 128, 129, 132, 134, 135, 136, 139, 140, 141, 143, 144, 145, 147, 153, 164, 166, 167, 168, 169, 171, 173, 174, 182, 184, 185, 186, 189, 190, 196, 203, 206, 207, 208, 216, 218, 220, 227, 229, 230, 231, 234, 235, 236, 237, 240, 241, 243, 245, 252, 254, 256, 261, 281, 282, 284, 285, 286, 288, 289, 290, 291, 293, 294, 300, 303, 304, 305, 306, 308, 309, 310, 311, 312, 313, 315, 317, 320, 321, 322, 324, 339, 340, 342, 344, 345, 346, 348, 349, 351, 352, 353, 355, 362, 363, 365, 367, 368, 369, 377, 381, 382, 383, 384, 386, 398, 399, 401, 402, 403, 405, 411, 412, 415, 418, 420, 422, 424, 425, 427, 428, 430, 431, 432, 434, 440, 442, 444, 447, 448, 449, 450, 451, 453, 464, 465, 467, 468, 469, 475, 481], "summary": {"covered_lines": 187, "num_statements": 200, "percent_covered": 93.5, "percent_covered_display": "94", "missing_lines": 13, "excluded_lines": 0}, "missing_lines": [87, 88, 89, 149, 150, 151, 222, 223, 224, 225, 296, 297, 298], "excluded_lines": [], "functions": {"SearchIndexer.__init__": {"executed_lines": [59, 60, 62, 63, 64, 65, 66, 67, 68, 71, 72, 74, 75, 76, 77, 81], "summary": {"covered_lines": 16, "num_statements": 19, "percent_covered": 84.21052631578948, "percent_covered_display": "84", "missing_lines": 3, "excluded_lines": 0}, "missing_lines": [87, 88, 89], "excluded_lines": []}, "SearchIndexer._validate_config": {"executed_lines": [103, 105, 106, 107, 109, 110, 111, 114, 115, 116, 118, 119, 120, 123, 124, 125, 128, 129, 132, 134, 135, 136, 139, 140, 141, 143, 144, 145, 147], "summary": {"covered_lines": 29, "num_statements": 32, "percent_covered": 90.625, "percent_covered_display": "91", "missing_lines": 3, "excluded_lines": 0}, "missing_lines": [149, 150, 151], "excluded_lines": []}, "SearchIndexer._execute_with_retry": {"executed_lines": [164, 166, 167, 168, 169, 171, 173, 174, 182, 184, 185, 186, 189, 190, 196, 203, 206, 207, 208, 216, 218, 220, 227, 229, 230, 231, 234, 235, 236, 237, 240, 241, 243], "summary": {"covered_lines": 33, "num_statements": 37, "percent_covered": 89.1891891891892, "percent_covered_display": "89", "missing_lines": 4, "excluded_lines": 0}, "missing_lines": [222, 223, 224, 225], "excluded_lines": []}, "SearchIndexer.create_or_update_index": {"executed_lines": [252, 284, 285, 286, 288, 289, 290, 291, 293, 294], "summary": {"covered_lines": 10, "num_statements": 13, "percent_covered": 76.92307692307692, "percent_covered_display": "77", "missing_lines": 3, "excluded_lines": 0}, "missing_lines": [296, 297, 298], "excluded_lines": []}, "SearchIndexer.create_or_update_index._create_index": {"executed_lines": [254, 256, 261, 281, 282], "summary": {"covered_lines": 5, "num_statements": 5, "percent_covered": 100.0, "percent_covered_display": "100", "missing_lines": 0, "excluded_lines": 0}, "missing_lines": [], "excluded_lines": []}, "SearchIndexer.index_document": {"executed_lines": [303, 304, 305, 306, 308, 309, 310, 311, 312, 313, 315, 317, 320, 321, 322, 324, 339, 340, 342, 344, 345, 346, 348, 349, 351, 352, 353], "summary": {"covered_lines": 27, "num_statements": 27, "percent_covered": 100.0, "percent_covered_display": "100", "missing_lines": 0, "excluded_lines": 0}, "missing_lines": [], "excluded_lines": []}, "SearchIndexer.search": {"executed_lines": [362, 363, 365, 367, 368, 369, 377, 381, 382, 383, 384, 386, 398, 399, 401, 402, 403], "summary": {"covered_lines": 17, "num_statements": 17, "percent_covered": 100.0, "percent_covered_display": "100", "missing_lines": 0, "excluded_lines": 0}, "missing_lines": [], "excluded_lines": []}, "SearchIndexer.health_check": {"executed_lines": [411, 412, 415, 418, 420, 422, 424, 425, 427, 428, 430, 431, 432], "summary": {"covered_lines": 13, "num_statements": 13, "percent_covered": 100.0, "percent_covered_display": "100", "missing_lines": 0, "excluded_lines": 0}, "missing_lines": [], "excluded_lines": []}, "SearchIndexer.get_index_stats": {"executed_lines": [440, 442, 444, 447, 448, 449, 450, 451, 453, 464, 465, 467, 468, 469], "summary": {"covered_lines": 14, "num_statements": 14, "percent_covered": 100.0, "percent_covered_display": "100", "missing_lines": 0, "excluded_lines": 0}, "missing_lines": [], "excluded_lines": []}, "SearchIndexer.get_indexer_info": {"executed_lines": [481], "summary": {"covered_lines": 1, "num_statements": 1, "percent_covered": 100.0, "percent_covered_display": "100", "missing_lines": 0, "excluded_lines": 0}, "missing_lines": [], "excluded_lines": []}, "": {"executed_lines": [1, 3, 4, 5, 6, 7, 9, 10, 16, 17, 18, 29, 31, 34, 35, 37, 91, 153, 245, 300, 355, 405, 434, 475], "summary": {"covered_lines": 22, "num_statements": 22, "percent_covered": 100.0, "percent_covered_display": "100", "missing_lines": 0, "excluded_lines": 0}, "missing_lines": [], "excluded_lines": []}}, "classes": {"SearchIndexer": {"executed_lines": [59, 60, 62, 63, 64, 65, 66, 67, 68, 71, 72, 74, 75, 76, 77, 81, 103, 105, 106, 107, 109, 110, 111, 114, 115, 116, 118, 119, 120, 123, 124, 125, 128, 129, 132, 134, 135, 136, 139, 140, 141, 143, 144, 145, 147, 164, 166, 167, 168, 169, 171, 173, 174, 182, 184, 185, 186, 189, 190, 196, 203, 206, 207, 208, 216, 218, 220, 227, 229, 230, 231, 234, 235, 236, 237, 240, 241, 243, 252, 254, 256, 261, 281, 282, 284, 285, 286, 288, 289, 290, 291, 293, 294, 303, 304, 305, 306, 308, 309, 310, 311, 312, 313, 315, 317, 320, 321, 322, 324, 339, 340, 342, 344, 345, 346, 348, 349, 351, 352, 353, 362, 363, 365, 367, 368, 369, 377, 381, 382, 383, 384, 386, 398, 399, 401, 402, 403, 411, 412, 415, 418, 420, 422, 424, 425, 427, 428, 430, 431, 432, 440, 442, 444, 447, 448, 449, 450, 451, 453, 464, 465, 467, 468, 469, 481], "summary": {"covered_lines": 165, "num_statements": 178, "percent_covered": 92.69662921348315, "percent_covered_display": "93", "missing_lines": 13, "excluded_lines": 0}, "missing_lines": [87, 88, 89, 149, 150, 151, 222, 223, 224, 225, 296, 297, 298], "excluded_lines": []}, "": {"executed_lines": [1, 3, 4, 5, 6, 7, 9, 10, 16, 17, 18, 29, 31, 34, 35, 37, 91, 153, 245, 300, 355, 405, 434, 475], "summary": {"covered_lines": 22, "num_statements": 22, "percent_covered": 100.0, "percent_covered_display": "100", "missing_lines": 0, "excluded_lines": 0}, "missing_lines": [], "excluded_lines": []}}}, "src/second_brain_ocr/main.py": {"executed_lines": [1, 3, 4, 5, 6, 7, 8, 10, 11, 12, 13, 14, 15, 16, 19, 20, 23, 24, 26, 32, 33, 34, 35, 36, 37, 40, 41, 42, 43, 44, 46, 47, 48, 49, 50, 52, 54, 57, 60, 61, 68, 71, 74, 77, 78, 81, 83, 84, 92, 98, 99, 100, 101, 103, 107, 112, 118, 119, 120, 121, 126, 132, 133, 137, 138, 143, 149, 150, 156, 157, 162, 168, 169, 170, 176, 177, 179, 188, 189, 197, 198, 199, 205, 207, 209, 211, 212, 213, 214, 221, 222, 223, 224, 226, 231, 232, 233, 236, 239, 244, 245, 246, 247, 255, 256, 257, 258, 259, 271, 280, 282, 284, 288, 293, 294, 295, 297, 298, 301, 302, 304, 305, 306, 308, 313, 315, 316, 317, 320, 321, 323, 324, 325, 326, 327, 328, 331, 332, 334, 336, 338, 339, 341, 342, 345, 346, 347, 348, 351, 358, 374, 431, 476, 505, 541, 542, 561, 586, 602, 633], "summary": {"covered_lines": 158, "num_statements": 359, "percent_covered": 44.01114206128134, "percent_covered_display": "44", "missing_lines": 201, "excluded_lines": 0}, "missing_lines": [62, 63, 64, 65, 86, 87, 88, 89, 90, 104, 106, 108, 109, 110, 122, 123, 124, 139, 140, 141, 158, 159, 160, 171, 172, 174, 201, 202, 203, 216, 217, 218, 227, 228, 234, 240, 241, 249, 250, 251, 252, 261, 264, 265, 266, 268, 269, 285, 286, 289, 290, 360, 361, 362, 363, 365, 366, 367, 368, 369, 370, 371, 372, 376, 377, 379, 380, 386, 387, 388, 390, 391, 393, 394, 395, 397, 398, 400, 401, 402, 404, 405, 406, 408, 410, 411, 413, 414, 422, 423, 425, 426, 427, 428, 429, 433, 434, 435, 438, 441, 442, 443, 444, 445, 446, 447, 449, 456, 458, 459, 460, 461, 464, 465, 466, 467, 468, 469, 471, 472, 474, 478, 479, 481, 482, 484, 486, 487, 488, 489, 492, 493, 494, 495, 498, 500, 502, 503, 507, 508, 509, 510, 512, 514, 515, 516, 517, 518, 519, 520, 521, 524, 525, 526, 528, 529, 530, 536, 538, 539, 551, 552, 554, 555, 556, 557, 559, 567, 568, 569, 570, 572, 582, 583, 584, 593, 594, 596, 597, 598, 599, 604, 605, 607, 608, 611, 612, 615, 617, 618, 619, 620, 621, 622, 623, 624, 625, 627, 628, 630, 634], "excluded_lines": [], "functions": {"SecondBrainOCR.__init__": {"executed_lines": [32, 33, 34, 35, 36, 37, 40, 41, 42, 43, 44, 46, 47, 48, 49, 50, 52, 54, 57, 60, 61, 68, 71, 74, 77, 78, 81, 83, 84], "summary": {"covered_lines": 29, "num_statements": 38, "percent_covered": 76.3157894736842, "percent_covered_display": "76", "missing_lines": 9, "excluded_lines": 0}, "missing_lines": [62, 63, 64, 65, 86, 87, 88, 89, 90], "excluded_lines": []}, "SecondBrainOCR._initialize_notifier": {"executed_lines": [98, 99, 100, 101, 103, 107], "summary": {"covered_lines": 6, "num_statements": 11, "percent_covered": 54.54545454545455, "percent_covered_display": "55", "missing_lines": 5, "excluded_lines": 0}, "missing_lines": [104, 106, 108, 109, 110], "excluded_lines": []}, "SecondBrainOCR._initialize_state_manager": {"executed_lines": [118, 119, 120, 121], "summary": {"covered_lines": 4, "num_statements": 7, "percent_covered": 57.142857142857146, "percent_covered_display": "57", "missing_lines": 3, "excluded_lines": 0}, "missing_lines": [122, 123, 124], "excluded_lines": []}, "SecondBrainOCR._initialize_ocr_processor": {"executed_lines": [132, 133, 137, 138], "summary": {"covered_lines": 4, "num_statements": 7, "percent_covered": 57.142857142857146, "percent_covered_display": "57", "missing_lines": 3, "excluded_lines": 0}, "missing_lines": [139, 140, 141], "excluded_lines": []}, "SecondBrainOCR._initialize_embedding_generator": {"executed_lines": [149, 150, 156, 157], "summary": {"covered_lines": 4, "num_statements": 7, "percent_covered": 57.142857142857146, "percent_covered_display": "57", "missing_lines": 3, "excluded_lines": 0}, "missing_lines": [158, 159, 160], "excluded_lines": []}, "SecondBrainOCR._get_embedding_dimension": {"executed_lines": [168, 169, 170, 176, 177], "summary": {"covered_lines": 5, "num_statements": 8, "percent_covered": 62.5, "percent_covered_display": "62", "missing_lines": 3, "excluded_lines": 0}, "missing_lines": [171, 172, 174], "excluded_lines": []}, "SecondBrainOCR._initialize_indexer": {"executed_lines": [188, 189, 197, 198, 199], "summary": {"covered_lines": 5, "num_statements": 8, "percent_covered": 62.5, "percent_covered_display": "62", "missing_lines": 3, "excluded_lines": 0}, "missing_lines": [201, 202, 203], "excluded_lines": []}, "SecondBrainOCR._perform_health_checks": {"executed_lines": [207, 209, 211, 212, 213, 214, 221, 222, 223, 224, 226, 231, 232, 233, 236, 239, 244, 245, 246, 247, 255, 256, 257, 258, 259], "summary": {"covered_lines": 25, "num_statements": 43, "percent_covered": 58.13953488372093, "percent_covered_display": "58", "missing_lines": 18, "excluded_lines": 0}, "missing_lines": [216, 217, 218, 227, 228, 234, 240, 241, 249, 250, 251, 252, 261, 264, 265, 266, 268, 269], "excluded_lines": []}, "SecondBrainOCR.process_file": {"executed_lines": [280, 282, 284, 288, 293, 294, 295, 297, 298, 301, 302, 304, 305, 306, 308, 313, 315, 316, 317, 320, 321, 323, 324, 325, 326, 327, 328, 331, 332, 334, 336, 338, 339, 341, 342, 345, 346, 347, 348, 351, 358], "summary": {"covered_lines": 41, "num_statements": 57, "percent_covered": 71.9298245614035, "percent_covered_display": "72", "missing_lines": 16, "excluded_lines": 0}, "missing_lines": [285, 286, 289, 290, 360, 361, 362, 363, 365, 366, 367, 368, 369, 370, 371, 372], "excluded_lines": []}, "SecondBrainOCR.process_existing_files": {"executed_lines": [], "summary": {"covered_lines": 0, "num_statements": 32, "percent_covered": 0.0, "percent_covered_display": "0", "missing_lines": 32, "excluded_lines": 0}, "missing_lines": [376, 377, 379, 380, 386, 387, 388, 390, 391, 393, 394, 395, 397, 398, 400, 401, 402, 404, 405, 406, 408, 410, 411, 413, 414, 422, 423, 425, 426, 427, 428, 429], "excluded_lines": []}, "SecondBrainOCR.start": {"executed_lines": [], "summary": {"covered_lines": 0, "num_statements": 26, "percent_covered": 0.0, "percent_covered_display": "0", "missing_lines": 26, "excluded_lines": 0}, "missing_lines": [433, 434, 435, 438, 441, 442, 443, 444, 445, 446, 447, 449, 456, 458, 459, 460, 461, 464, 465, 466, 467, 468, 469, 471, 472, 474], "excluded_lines": []}, "SecondBrainOCR.stop": {"executed_lines": [], "summary": {"covered_lines": 0, "num_statements": 17, "percent_covered": 0.0, "percent_covered_display": "0", "missing_lines": 17, "excluded_lines": 0}, "missing_lines": [478, 479, 481, 482, 484, 486, 487, 488, 489, 492, 493, 494, 495, 498, 500, 502, 503], "excluded_lines": []}, "SecondBrainOCR._print_final_statistics": {"executed_lines": [], "summary": {"covered_lines": 0, "num_statements": 22, "percent_covered": 0.0, "percent_covered_display": "0", "missing_lines": 22, "excluded_lines": 0}, "missing_lines": [507, 508, 509, 510, 512, 514, 515, 516, 517, 518, 519, 520, 521, 524, 525, 526, 528, 529, 530, 536, 538, 539], "excluded_lines": []}, "SecondBrainOCR._format_duration": {"executed_lines": [], "summary": {"covered_lines": 0, "num_statements": 7, "percent_covered": 0.0, "percent_covered_display": "0", "missing_lines": 7, "excluded_lines": 0}, "missing_lines": [551, 552, 554, 555, 556, 557, 559], "excluded_lines": []}, "SecondBrainOCR.get_status": {"executed_lines": [], "summary": {"covered_lines": 0, "num_statements": 8, "percent_covered": 0.0, "percent_covered_display": "0", "missing_lines": 8, "excluded_lines": 0}, "missing_lines": [567, 568, 569, 570, 572, 582, 583, 584], "excluded_lines": []}, "SecondBrainOCR.handle_signal": {"executed_lines": [], "summary": {"covered_lines": 0, "num_statements": 6, "percent_covered": 0.0, "percent_covered_display": "0", "missing_lines": 6, "excluded_lines": 0}, "missing_lines": [593, 594, 596, 597, 598, 599], "excluded_lines": []}, "main": {"executed_lines": [], "summary": {"covered_lines": 0, "num_statements": 19, "percent_covered": 0.0, "percent_covered_display": "0", "missing_lines": 19, "excluded_lines": 0}, "missing_lines": [604, 605, 607, 608, 611, 612, 615, 617, 618, 619, 620, 621, 622, 623, 624, 625, 627, 628, 630], "excluded_lines": []}, "": {"executed_lines": [1, 3, 4, 5, 6, 7, 8, 10, 11, 12, 13, 14, 15, 16, 19, 20, 23, 24, 26, 92, 112, 126, 143, 162, 179, 205, 271, 374, 431, 476, 505, 541, 542, 561, 586, 602, 633], "summary": {"covered_lines": 35, "num_statements": 36, "percent_covered": 97.22222222222223, "percent_covered_display": "97", "missing_lines": 1, "excluded_lines": 0}, "missing_lines": [634], "excluded_lines": []}}, "classes": {"SecondBrainOCR": {"executed_lines": [32, 33, 34, 35, 36, 37, 40, 41, 42, 43, 44, 46, 47, 48, 49, 50, 52, 54, 57, 60, 61, 68, 71, 74, 77, 78, 81, 83, 84, 98, 99, 100, 101, 103, 107, 118, 119, 120, 121, 132, 133, 137, 138, 149, 150, 156, 157, 168, 169, 170, 176, 177, 188, 189, 197, 198, 199, 207, 209, 211, 212, 213, 214, 221, 222, 223, 224, 226, 231, 232, 233, 236, 239, 244, 245, 246, 247, 255, 256, 257, 258, 259, 280, 282, 284, 288, 293, 294, 295, 297, 298, 301, 302, 304, 305, 306, 308, 313, 315, 316, 317, 320, 321, 323, 324, 325, 326, 327, 328, 331, 332, 334, 336, 338, 339, 341, 342, 345, 346, 347, 348, 351, 358], "summary": {"covered_lines": 123, "num_statements": 304, "percent_covered": 40.46052631578947, "percent_covered_display": "40", "missing_lines": 181, "excluded_lines": 0}, "missing_lines": [62, 63, 64, 65, 86, 87, 88, 89, 90, 104, 106, 108, 109, 110, 122, 123, 124, 139, 140, 141, 158, 159, 160, 171, 172, 174, 201, 202, 203, 216, 217, 218, 227, 228, 234, 240, 241, 249, 250, 251, 252, 261, 264, 265, 266, 268, 269, 285, 286, 289, 290, 360, 361, 362, 363, 365, 366, 367, 368, 369, 370, 371, 372, 376, 377, 379, 380, 386, 387, 388, 390, 391, 393, 394, 395, 397, 398, 400, 401, 402, 404, 405, 406, 408, 410, 411, 413, 414, 422, 423, 425, 426, 427, 428, 429, 433, 434, 435, 438, 441, 442, 443, 444, 445, 446, 447, 449, 456, 458, 459, 460, 461, 464, 465, 466, 467, 468, 469, 471, 472, 474, 478, 479, 481, 482, 484, 486, 487, 488, 489, 492, 493, 494, 495, 498, 500, 502, 503, 507, 508, 509, 510, 512, 514, 515, 516, 517, 518, 519, 520, 521, 524, 525, 526, 528, 529, 530, 536, 538, 539, 551, 552, 554, 555, 556, 557, 559, 567, 568, 569, 570, 572, 582, 583, 584, 593, 594, 596, 597, 598, 599], "excluded_lines": []}, "": {"executed_lines": [1, 3, 4, 5, 6, 7, 8, 10, 11, 12, 13, 14, 15, 16, 19, 20, 23, 24, 26, 92, 112, 126, 143, 162, 179, 205, 271, 374, 431, 476, 505, 541, 542, 561, 586, 602, 633], "summary": {"covered_lines": 35, "num_statements": 55, "percent_covered": 63.63636363636363, "percent_covered_display": "64", "missing_lines": 20, "excluded_lines": 0}, "missing_lines": [604, 605, 607, 608, 611, 612, 615, 617, 618, 619, 620, 621, 622, 623, 624, 625, 627, 628, 630, 634], "excluded_lines": []}}}, "src/second_brain_ocr/notifier.py": {"executed_lines": [1, 3, 4, 5, 6, 7, 8, 10, 11, 12, 14, 16, 19, 20, 22, 23, 24, 25, 28, 29, 31, 49, 50, 51, 52, 53, 56, 59, 60, 61, 62, 63, 66, 68, 70, 73, 82, 88, 89, 93, 98, 100, 101, 105, 111, 117, 120, 122, 123, 131, 137, 140, 147, 148, 149, 151, 153, 173, 176, 178, 182, 186, 202, 208, 251, 261, 264, 266, 270, 274, 285, 291, 300, 303, 304, 306, 307, 309, 312, 319, 321, 324, 325, 326, 327, 330, 337, 414, 423, 425, 427, 446, 462, 468, 473, 479, 481, 483, 485, 488, 489, 490, 492, 494, 495, 509, 510, 520, 550, 556, 560, 566, 567, 569, 570, 574, 576, 585, 588], "summary": {"covered_lines": 116, "num_statements": 232, "percent_covered": 50.0, "percent_covered_display": "50", "missing_lines": 116, "excluded_lines": 0}, "missing_lines": [71, 80, 90, 94, 95, 102, 103, 107, 108, 109, 118, 124, 125, 126, 127, 129, 174, 179, 180, 183, 184, 204, 205, 206, 218, 219, 221, 223, 224, 225, 227, 228, 229, 232, 234, 245, 247, 248, 249, 262, 267, 268, 271, 272, 287, 288, 289, 301, 328, 339, 340, 341, 342, 344, 345, 346, 353, 355, 356, 358, 359, 360, 361, 364, 365, 370, 373, 374, 375, 382, 384, 385, 387, 388, 389, 390, 392, 393, 394, 401, 403, 404, 406, 407, 408, 409, 410, 412, 429, 431, 433, 435, 444, 455, 456, 457, 458, 460, 512, 513, 514, 526, 529, 530, 532, 557, 558, 572, 578, 579, 580, 581, 582, 583, 586, 589], "excluded_lines": [], "functions": {"WebhookNotifier.__init__": {"executed_lines": [49, 50, 51, 52, 53, 56, 59, 60, 61, 62, 63, 66, 68, 70, 73], "summary": {"covered_lines": 15, "num_statements": 17, "percent_covered": 88.23529411764706, "percent_covered_display": "88", "missing_lines": 2, "excluded_lines": 0}, "missing_lines": [71, 80], "excluded_lines": []}, "WebhookNotifier._validate_webhook_url": {"executed_lines": [88, 89, 93, 98, 100, 101, 105], "summary": {"covered_lines": 7, "num_statements": 15, "percent_covered": 46.666666666666664, "percent_covered_display": "47", "missing_lines": 8, "excluded_lines": 0}, "missing_lines": [90, 94, 95, 102, 103, 107, 108, 109], "excluded_lines": []}, "WebhookNotifier._detect_provider": {"executed_lines": [117, 120, 122, 123], "summary": {"covered_lines": 4, "num_statements": 10, "percent_covered": 40.0, "percent_covered_display": "40", "missing_lines": 6, "excluded_lines": 0}, "missing_lines": [118, 124, 125, 126, 127, 129], "excluded_lines": []}, "WebhookNotifier._create_session": {"executed_lines": [137, 140, 147, 148, 149, 151], "summary": {"covered_lines": 6, "num_statements": 6, "percent_covered": 100.0, "percent_covered_display": "100", "missing_lines": 0, "excluded_lines": 0}, "missing_lines": [], "excluded_lines": []}, "WebhookNotifier.notify_file_processed": {"executed_lines": [173, 176, 178, 182, 186, 202], "summary": {"covered_lines": 6, "num_statements": 14, "percent_covered": 42.857142857142854, "percent_covered_display": "43", "missing_lines": 8, "excluded_lines": 0}, "missing_lines": [174, 179, 180, 183, 184, 204, 205, 206], "excluded_lines": []}, "WebhookNotifier.notify_batch_complete": {"executed_lines": [], "summary": {"covered_lines": 0, "num_statements": 15, "percent_covered": 0.0, "percent_covered_display": "0", "missing_lines": 15, "excluded_lines": 0}, "missing_lines": [218, 219, 221, 223, 224, 225, 227, 228, 229, 232, 234, 245, 247, 248, 249], "excluded_lines": []}, "WebhookNotifier.notify_error": {"executed_lines": [261, 264, 266, 270, 274, 285], "summary": {"covered_lines": 6, "num_statements": 14, "percent_covered": 42.857142857142854, "percent_covered_display": "43", "missing_lines": 8, "excluded_lines": 0}, "missing_lines": [262, 267, 268, 271, 272, 287, 288, 289], "excluded_lines": []}, "WebhookNotifier._send_webhook": {"executed_lines": [300, 303, 304, 306, 307, 309, 312, 319, 321, 324, 325, 326, 327, 330, 337], "summary": {"covered_lines": 15, "num_statements": 56, "percent_covered": 26.785714285714285, "percent_covered_display": "27", "missing_lines": 41, "excluded_lines": 0}, "missing_lines": [301, 328, 339, 340, 341, 342, 344, 345, 346, 353, 355, 356, 358, 359, 360, 361, 364, 365, 370, 373, 374, 375, 382, 384, 385, 387, 388, 389, 390, 392, 393, 394, 401, 403, 404, 406, 407, 408, 409, 410, 412], "excluded_lines": []}, "WebhookNotifier._format_payload_for_provider": {"executed_lines": [423, 425, 427], "summary": {"covered_lines": 3, "num_statements": 8, "percent_covered": 37.5, "percent_covered_display": "38", "missing_lines": 5, "excluded_lines": 0}, "missing_lines": [429, 431, 433, 435, 444], "excluded_lines": []}, "WebhookNotifier._get_ntfy_priority": {"executed_lines": [], "summary": {"covered_lines": 0, "num_statements": 5, "percent_covered": 0.0, "percent_covered_display": "0", "missing_lines": 5, "excluded_lines": 0}, "missing_lines": [455, 456, 457, 458, 460], "excluded_lines": []}, "WebhookNotifier._get_headers": {"executed_lines": [468], "summary": {"covered_lines": 1, "num_statements": 1, "percent_covered": 100.0, "percent_covered_display": "100", "missing_lines": 0, "excluded_lines": 0}, "missing_lines": [], "excluded_lines": []}, "WebhookNotifier.health_check": {"executed_lines": [479, 481, 483, 485, 488, 489, 490, 492, 494, 495, 509, 510], "summary": {"covered_lines": 12, "num_statements": 15, "percent_covered": 80.0, "percent_covered_display": "80", "missing_lines": 3, "excluded_lines": 0}, "missing_lines": [512, 513, 514], "excluded_lines": []}, "WebhookNotifier.get_stats": {"executed_lines": [], "summary": {"covered_lines": 0, "num_statements": 4, "percent_covered": 0.0, "percent_covered_display": "0", "missing_lines": 4, "excluded_lines": 0}, "missing_lines": [526, 529, 530, 532], "excluded_lines": []}, "WebhookNotifier.test_webhook": {"executed_lines": [556, 560, 566, 567, 569, 570, 574], "summary": {"covered_lines": 7, "num_statements": 10, "percent_covered": 70.0, "percent_covered_display": "70", "missing_lines": 3, "excluded_lines": 0}, "missing_lines": [557, 558, 572], "excluded_lines": []}, "WebhookNotifier.close": {"executed_lines": [], "summary": {"covered_lines": 0, "num_statements": 6, "percent_covered": 0.0, "percent_covered_display": "0", "missing_lines": 6, "excluded_lines": 0}, "missing_lines": [578, 579, 580, 581, 582, 583], "excluded_lines": []}, "WebhookNotifier.__enter__": {"executed_lines": [], "summary": {"covered_lines": 0, "num_statements": 1, "percent_covered": 0.0, "percent_covered_display": "0", "missing_lines": 1, "excluded_lines": 0}, "missing_lines": [586], "excluded_lines": []}, "WebhookNotifier.__exit__": {"executed_lines": [], "summary": {"covered_lines": 0, "num_statements": 1, "percent_covered": 0.0, "percent_covered_display": "0", "missing_lines": 1, "excluded_lines": 0}, "missing_lines": [589], "excluded_lines": []}, "": {"executed_lines": [1, 3, 4, 5, 6, 7, 8, 10, 11, 12, 14, 16, 19, 20, 22, 23, 24, 25, 28, 29, 31, 82, 111, 131, 153, 208, 251, 291, 414, 446, 462, 473, 520, 550, 576, 585, 588], "summary": {"covered_lines": 34, "num_statements": 34, "percent_covered": 100.0, "percent_covered_display": "100", "missing_lines": 0, "excluded_lines": 0}, "missing_lines": [], "excluded_lines": []}}, "classes": {"WebhookProvider": {"executed_lines": [], "summary": {"covered_lines": 0, "num_statements": 0, "percent_covered": 100.0, "percent_covered_display": "100", "missing_lines": 0, "excluded_lines": 0}, "missing_lines": [], "excluded_lines": []}, "WebhookNotifier": {"executed_lines": [49, 50, 51, 52, 53, 56, 59, 60, 61, 62, 63, 66, 68, 70, 73, 88, 89, 93, 98, 100, 101, 105, 117, 120, 122, 123, 137, 140, 147, 148, 149, 151, 173, 176, 178, 182, 186, 202, 261, 264, 266, 270, 274, 285, 300, 303, 304, 306, 307, 309, 312, 319, 321, 324, 325, 326, 327, 330, 337, 423, 425, 427, 468, 479, 481, 483, 485, 488, 489, 490, 492, 494, 495, 509, 510, 556, 560, 566, 567, 569, 570, 574], "summary": {"covered_lines": 82, "num_statements": 198, "percent_covered": 41.41414141414141, "percent_covered_display": "41", "missing_lines": 116, "excluded_lines": 0}, "missing_lines": [71, 80, 90, 94, 95, 102, 103, 107, 108, 109, 118, 124, 125, 126, 127, 129, 174, 179, 180, 183, 184, 204, 205, 206, 218, 219, 221, 223, 224, 225, 227, 228, 229, 232, 234, 245, 247, 248, 249, 262, 267, 268, 271, 272, 287, 288, 289, 301, 328, 339, 340, 341, 342, 344, 345, 346, 353, 355, 356, 358, 359, 360, 361, 364, 365, 370, 373, 374, 375, 382, 384, 385, 387, 388, 389, 390, 392, 393, 394, 401, 403, 404, 406, 407, 408, 409, 410, 412, 429, 431, 433, 435, 444, 455, 456, 457, 458, 460, 512, 513, 514, 526, 529, 530, 532, 557, 558, 572, 578, 579, 580, 581, 582, 583, 586, 589], "excluded_lines": []}, "": {"executed_lines": [1, 3, 4, 5, 6, 7, 8, 10, 11, 12, 14, 16, 19, 20, 22, 23, 24, 25, 28, 29, 31, 82, 111, 131, 153, 208, 251, 291, 414, 446, 462, 473, 520, 550, 576, 585, 588], "summary": {"covered_lines": 34, "num_statements": 34, "percent_covered": 100.0, "percent_covered_display": "100", "missing_lines": 0, "excluded_lines": 0}, "missing_lines": [], "excluded_lines": []}}}, "src/second_brain_ocr/ocr.py": {"executed_lines": [1, 3, 4, 5, 7, 8, 9, 10, 16, 18, 21, 22, 28, 29, 30, 31, 32, 34, 43, 45, 46, 47, 50, 51, 52, 55, 56, 57, 58, 59, 62, 63, 64, 66, 67, 69, 70, 71, 73, 82, 84, 85, 86, 88, 89, 94, 96, 97, 99, 101, 102, 103, 105, 106, 108, 109, 110, 111, 114, 115, 116, 117, 118, 121, 122, 124, 125, 127, 128, 129, 130, 132, 133, 134, 135, 136, 137, 139, 140, 141, 143, 146, 148, 157, 159, 160, 163, 164, 167, 168, 169, 172, 175, 176, 177, 179, 188, 190, 191, 192, 193, 195, 212, 214, 215, 218, 219, 222, 225, 226, 227, 230, 231, 233, 244, 253, 254, 256, 265, 271, 274, 279, 280, 282, 283, 284], "summary": {"covered_lines": 124, "num_statements": 128, "percent_covered": 96.875, "percent_covered_display": "97", "missing_lines": 4, "excluded_lines": 0}, "missing_lines": [258, 259, 260, 263], "excluded_lines": [], "functions": {"OCRProcessor.__init__": {"executed_lines": [29, 30, 31, 32], "summary": {"covered_lines": 4, "num_statements": 4, "percent_covered": 100.0, "percent_covered_display": "100", "missing_lines": 0, "excluded_lines": 0}, "missing_lines": [], "excluded_lines": []}, "OCRProcessor._validate_file": {"executed_lines": [43, 45, 46, 47, 50, 51, 52, 55, 56, 57, 58, 59, 62, 63, 64, 66, 67, 69, 70, 71], "summary": {"covered_lines": 20, "num_statements": 20, "percent_covered": 100.0, "percent_covered_display": "100", "missing_lines": 0, "excluded_lines": 0}, "missing_lines": [], "excluded_lines": []}, "OCRProcessor._perform_ocr_with_retry": {"executed_lines": [82, 84, 85, 86, 88, 89, 94, 96, 97, 99, 101, 102, 103, 105, 106, 108, 109, 110, 111, 114, 115, 116, 117, 118, 121, 122, 124, 125, 127, 128, 129, 130, 132, 133, 134, 135, 136, 137, 139, 140, 141, 143, 146], "summary": {"covered_lines": 43, "num_statements": 43, "percent_covered": 100.0, "percent_covered_display": "100", "missing_lines": 0, "excluded_lines": 0}, "missing_lines": [], "excluded_lines": []}, "OCRProcessor.extract_text": {"executed_lines": [157, 159, 160, 163, 164, 167, 168, 169, 172, 175, 176, 177, 179, 188, 190, 191, 192, 193], "summary": {"covered_lines": 18, "num_statements": 18, "percent_covered": 100.0, "percent_covered_display": "100", "missing_lines": 0, "excluded_lines": 0}, "missing_lines": [], "excluded_lines": []}, "OCRProcessor.extract_text_with_metadata": {"executed_lines": [212, 214, 215, 218, 219, 222, 225, 226, 227, 230, 231, 233, 244, 253, 254, 256], "summary": {"covered_lines": 16, "num_statements": 20, "percent_covered": 80.0, "percent_covered_display": "80", "missing_lines": 4, "excluded_lines": 0}, "missing_lines": [258, 259, 260, 263], "excluded_lines": []}, "OCRProcessor.health_check": {"executed_lines": [271, 274, 279, 280, 282, 283, 284], "summary": {"covered_lines": 7, "num_statements": 7, "percent_covered": 100.0, "percent_covered_display": "100", "missing_lines": 0, "excluded_lines": 0}, "missing_lines": [], "excluded_lines": []}, "": {"executed_lines": [1, 3, 4, 5, 7, 8, 9, 10, 16, 18, 21, 22, 28, 34, 73, 148, 195, 265], "summary": {"covered_lines": 16, "num_statements": 16, "percent_covered": 100.0, "percent_covered_display": "100", "missing_lines": 0, "excluded_lines": 0}, "missing_lines": [], "excluded_lines": []}}, "classes": {"OCRProcessor": {"executed_lines": [29, 30, 31, 32, 43, 45, 46, 47, 50, 51, 52, 55, 56, 57, 58, 59, 62, 63, 64, 66, 67, 69, 70, 71, 82, 84, 85, 86, 88, 89, 94, 96, 97, 99, 101, 102, 103, 105, 106, 108, 109, 110, 111, 114, 115, 116, 117, 118, 121, 122, 124, 125, 127, 128, 129, 130, 132, 133, 134, 135, 136, 137, 139, 140, 141, 143, 146, 157, 159, 160, 163, 164, 167, 168, 169, 172, 175, 176, 177, 179, 188, 190, 191, 192, 193, 212, 214, 215, 218, 219, 222, 225, 226, 227, 230, 231, 233, 244, 253, 254, 256, 271, 274, 279, 280, 282, 283, 284], "summary": {"covered_lines": 108, "num_statements": 112, "percent_covered": 96.42857142857143, "percent_covered_display": "96", "missing_lines": 4, "excluded_lines": 0}, "missing_lines": [258, 259, 260, 263], "excluded_lines": []}, "": {"executed_lines": [1, 3, 4, 5, 7, 8, 9, 10, 16, 18, 21, 22, 28, 34, 73, 148, 195, 265], "summary": {"covered_lines": 16, "num_statements": 16, "percent_covered": 100.0, "percent_covered_display": "100", "missing_lines": 0, "excluded_lines": 0}, "missing_lines": [], "excluded_lines": []}}}, "src/second_brain_ocr/state.py": {"executed_lines": [1, 3, 4, 5, 6, 7, 8, 9, 10, 12, 14, 17, 18, 20, 38, 41, 42, 43, 44, 45, 48, 49, 50, 51, 52, 53, 54, 57, 59, 65, 74, 76, 81, 86, 89, 95, 96, 106, 108, 109, 111, 113, 114, 115, 116, 121, 123, 125, 126, 127, 128, 131, 136, 137, 141, 143, 144, 149, 151, 152, 153, 154, 157, 158, 166, 167, 195, 201, 202, 210, 219, 220, 233, 234, 236, 237, 238, 241, 243, 244, 245, 247, 252, 280, 289, 290, 294, 295, 301, 310, 311, 315, 318, 319, 320, 323, 326, 327, 330, 332, 333, 337, 343, 352, 353, 357, 361, 364, 365, 366, 367, 371, 376, 379, 380, 383, 386, 387, 388, 391, 393, 395, 396, 405, 411, 417, 419, 442, 476, 482, 484, 485, 486, 488, 500, 503, 507, 508, 525, 526, 536], "summary": {"covered_lines": 139, "num_statements": 269, "percent_covered": 51.6728624535316, "percent_covered_display": "52", "missing_lines": 130, "excluded_lines": 0}, "missing_lines": [39, 77, 78, 82, 83, 87, 91, 92, 93, 117, 118, 119, 120, 132, 133, 138, 139, 159, 160, 161, 162, 163, 164, 169, 170, 171, 173, 174, 175, 182, 184, 185, 186, 188, 189, 190, 191, 192, 193, 203, 204, 205, 206, 207, 211, 212, 213, 214, 215, 216, 254, 255, 256, 258, 259, 260, 267, 269, 270, 272, 273, 274, 275, 276, 278, 291, 292, 297, 298, 299, 312, 313, 335, 339, 340, 341, 354, 355, 358, 359, 369, 372, 373, 403, 407, 408, 409, 425, 426, 427, 429, 431, 432, 434, 436, 438, 439, 440, 451, 452, 453, 454, 456, 458, 459, 460, 462, 463, 465, 466, 468, 470, 472, 473, 474, 489, 490, 492, 493, 494, 495, 496, 497, 528, 529, 530, 542, 544, 545, 554], "excluded_lines": [], "functions": {"StateManager.__init__": {"executed_lines": [38, 41, 42, 43, 44, 45, 48, 49, 50, 51, 52, 53, 54, 57, 59], "summary": {"covered_lines": 15, "num_statements": 16, "percent_covered": 93.75, "percent_covered_display": "94", "missing_lines": 1, "excluded_lines": 0}, "missing_lines": [39], "excluded_lines": []}, "StateManager._validate_config": {"executed_lines": [74, 76, 81, 86, 89], "summary": {"covered_lines": 5, "num_statements": 13, "percent_covered": 38.46153846153846, "percent_covered_display": "38", "missing_lines": 8, "excluded_lines": 0}, "missing_lines": [77, 78, 82, 83, 87, 91, 92, 93], "excluded_lines": []}, "StateManager._normalize_path": {"executed_lines": [106, 108, 109], "summary": {"covered_lines": 3, "num_statements": 3, "percent_covered": 100.0, "percent_covered_display": "100", "missing_lines": 0, "excluded_lines": 0}, "missing_lines": [], "excluded_lines": []}, "StateManager._load_state": {"executed_lines": [113, 114, 115, 116, 121, 123, 125, 126, 127, 128, 131, 136, 137, 141, 143, 144, 149, 151, 152, 153, 154, 157, 158, 166, 167], "summary": {"covered_lines": 25, "num_statements": 55, "percent_covered": 45.45454545454545, "percent_covered_display": "45", "missing_lines": 30, "excluded_lines": 0}, "missing_lines": [117, 118, 119, 120, 132, 133, 138, 139, 159, 160, 161, 162, 163, 164, 169, 170, 171, 173, 174, 175, 182, 184, 185, 186, 188, 189, 190, 191, 192, 193], "excluded_lines": []}, "StateManager._save_state": {"executed_lines": [201, 202, 210, 219, 220, 233, 234, 236, 237, 238, 241, 243, 244, 245, 247, 252], "summary": {"covered_lines": 16, "num_statements": 42, "percent_covered": 38.095238095238095, "percent_covered_display": "38", "missing_lines": 26, "excluded_lines": 0}, "missing_lines": [203, 204, 205, 206, 207, 211, 212, 213, 214, 215, 216, 254, 255, 256, 258, 259, 260, 267, 269, 270, 272, 273, 274, 275, 276, 278], "excluded_lines": []}, "StateManager.is_processed": {"executed_lines": [289, 290, 294, 295], "summary": {"covered_lines": 4, "num_statements": 9, "percent_covered": 44.44444444444444, "percent_covered_display": "44", "missing_lines": 5, "excluded_lines": 0}, "missing_lines": [291, 292, 297, 298, 299], "excluded_lines": []}, "StateManager.mark_processed": {"executed_lines": [310, 311, 315, 318, 319, 320, 323, 326, 327, 330, 332, 333, 337], "summary": {"covered_lines": 13, "num_statements": 19, "percent_covered": 68.42105263157895, "percent_covered_display": "68", "missing_lines": 6, "excluded_lines": 0}, "missing_lines": [312, 313, 335, 339, 340, 341], "excluded_lines": []}, "StateManager.mark_batch_processed": {"executed_lines": [352, 353, 357, 361, 364, 365, 366, 367, 371, 376, 379, 380, 383, 386, 387, 388, 391, 393, 395, 396, 405], "summary": {"covered_lines": 21, "num_statements": 32, "percent_covered": 65.625, "percent_covered_display": "66", "missing_lines": 11, "excluded_lines": 0}, "missing_lines": [354, 355, 358, 359, 369, 372, 373, 403, 407, 408, 409], "excluded_lines": []}, "StateManager.get_processed_count": {"executed_lines": [417], "summary": {"covered_lines": 1, "num_statements": 1, "percent_covered": 100.0, "percent_covered_display": "100", "missing_lines": 0, "excluded_lines": 0}, "missing_lines": [], "excluded_lines": []}, "StateManager.clear_processed": {"executed_lines": [], "summary": {"covered_lines": 0, "num_statements": 11, "percent_covered": 0.0, "percent_covered_display": "0", "missing_lines": 11, "excluded_lines": 0}, "missing_lines": [425, 426, 427, 429, 431, 432, 434, 436, 438, 439, 440], "excluded_lines": []}, "StateManager.remove_processed": {"executed_lines": [], "summary": {"covered_lines": 0, "num_statements": 17, "percent_covered": 0.0, "percent_covered_display": "0", "missing_lines": 17, "excluded_lines": 0}, "missing_lines": [451, 452, 453, 454, 456, 458, 459, 460, 462, 463, 465, 466, 468, 470, 472, 473, 474], "excluded_lines": []}, "StateManager.health_check": {"executed_lines": [482, 484, 485, 486, 488, 500, 503, 507, 508, 525, 526], "summary": {"covered_lines": 11, "num_statements": 22, "percent_covered": 50.0, "percent_covered_display": "50", "missing_lines": 11, "excluded_lines": 0}, "missing_lines": [489, 490, 492, 493, 494, 495, 496, 497, 528, 529, 530], "excluded_lines": []}, "StateManager.get_stats": {"executed_lines": [], "summary": {"covered_lines": 0, "num_statements": 4, "percent_covered": 0.0, "percent_covered_display": "0", "missing_lines": 4, "excluded_lines": 0}, "missing_lines": [542, 544, 545, 554], "excluded_lines": []}, "": {"executed_lines": [1, 3, 4, 5, 6, 7, 8, 9, 10, 12, 14, 17, 18, 20, 65, 95, 96, 111, 195, 280, 301, 343, 411, 419, 442, 476, 536], "summary": {"covered_lines": 25, "num_statements": 25, "percent_covered": 100.0, "percent_covered_display": "100", "missing_lines": 0, "excluded_lines": 0}, "missing_lines": [], "excluded_lines": []}}, "classes": {"StateManager": {"executed_lines": [38, 41, 42, 43, 44, 45, 48, 49, 50, 51, 52, 53, 54, 57, 59, 74, 76, 81, 86, 89, 106, 108, 109, 113, 114, 115, 116, 121, 123, 125, 126, 127, 128, 131, 136, 137, 141, 143, 144, 149, 151, 152, 153, 154, 157, 158, 166, 167, 201, 202, 210, 219, 220, 233, 234, 236, 237, 238, 241, 243, 244, 245, 247, 252, 289, 290, 294, 295, 310, 311, 315, 318, 319, 320, 323, 326, 327, 330, 332, 333, 337, 352, 353, 357, 361, 364, 365, 366, 367, 371, 376, 379, 380, 383, 386, 387, 388, 391, 393, 395, 396, 405, 417, 482, 484, 485, 486, 488, 500, 503, 507, 508, 525, 526], "summary": {"covered_lines": 114, "num_statements": 244, "percent_covered": 46.721311475409834, "percent_covered_display": "47", "missing_lines": 130, "excluded_lines": 0}, "missing_lines": [39, 77, 78, 82, 83, 87, 91, 92, 93, 117, 118, 119, 120, 132, 133, 138, 139, 159, 160, 161, 162, 163, 164, 169, 170, 171, 173, 174, 175, 182, 184, 185, 186, 188, 189, 190, 191, 192, 193, 203, 204, 205, 206, 207, 211, 212, 213, 214, 215, 216, 254, 255, 256, 258, 259, 260, 267, 269, 270, 272, 273, 274, 275, 276, 278, 291, 292, 297, 298, 299, 312, 313, 335, 339, 340, 341, 354, 355, 358, 359, 369, 372, 373, 403, 407, 408, 409, 425, 426, 427, 429, 431, 432, 434, 436, 438, 439, 440, 451, 452, 453, 454, 456, 458, 459, 460, 462, 463, 465, 466, 468, 470, 472, 473, 474, 489, 490, 492, 493, 494, 495, 496, 497, 528, 529, 530, 542, 544, 545, 554], "excluded_lines": []}, "": {"executed_lines": [1, 3, 4, 5, 6, 7, 8, 9, 10, 12, 14, 17, 18, 20, 65, 95, 96, 111, 195, 280, 301, 343, 411, 419, 442, 476, 536], "summary": {"covered_lines": 25, "num_statements": 25, "percent_covered": 100.0, "percent_covered_display": "100", "missing_lines": 0, "excluded_lines": 0}, "missing_lines": [], "excluded_lines": []}}}, "src/second_brain_ocr/watcher.py": {"executed_lines": [1, 3, 4, 5, 6, 7, 8, 10, 11, 12, 13, 15, 18, 20, 23, 24, 26, 57, 90, 131, 162, 184, 185, 187, 242, 292, 341, 364, 410, 427, 431, 435, 455, 457, 459, 462, 465, 469, 470, 471, 473, 477, 478, 481, 482, 483, 484, 486, 487, 488, 489, 492, 493, 496, 497, 499, 502, 503, 504, 507, 510, 524, 527, 538], "summary": {"covered_lines": 60, "num_statements": 238, "percent_covered": 25.210084033613445, "percent_covered_display": "25", "missing_lines": 178, "excluded_lines": 2}, "missing_lines": [41, 42, 44, 45, 46, 47, 50, 51, 52, 53, 55, 69, 71, 72, 73, 76, 77, 78, 80, 81, 82, 84, 86, 87, 88, 96, 98, 99, 101, 104, 105, 107, 110, 111, 112, 115, 117, 118, 119, 120, 122, 123, 124, 126, 127, 128, 129, 140, 141, 142, 143, 145, 146, 147, 148, 156, 158, 160, 168, 169, 170, 172, 208, 209, 211, 212, 213, 214, 215, 216, 219, 226, 227, 228, 231, 232, 233, 235, 258, 260, 261, 262, 264, 265, 266, 268, 269, 270, 273, 274, 275, 278, 279, 280, 282, 283, 284, 286, 288, 289, 290, 294, 295, 296, 298, 299, 301, 302, 303, 305, 306, 309, 316, 317, 318, 320, 321, 323, 324, 325, 327, 328, 329, 336, 338, 339, 343, 344, 345, 347, 348, 349, 350, 352, 353, 355, 357, 359, 360, 361, 362, 370, 372, 374, 375, 378, 379, 380, 383, 385, 386, 399, 400, 402, 403, 404, 416, 417, 428, 429, 432, 460, 463, 466, 474, 475, 511, 512, 514, 515, 516, 517, 519, 520, 521, 540, 541, 542], "excluded_lines": [15, 16], "functions": {"ImageFileHandler.__init__": {"executed_lines": [], "summary": {"covered_lines": 0, "num_statements": 11, "percent_covered": 0.0, "percent_covered_display": "0", "missing_lines": 11, "excluded_lines": 0}, "missing_lines": [41, 42, 44, 45, 46, 47, 50, 51, 52, 53, 55], "excluded_lines": []}, "ImageFileHandler._validate_config": {"executed_lines": [], "summary": {"covered_lines": 0, "num_statements": 14, "percent_covered": 0.0, "percent_covered_display": "0", "missing_lines": 14, "excluded_lines": 0}, "missing_lines": [69, 71, 72, 73, 76, 77, 78, 80, 81, 82, 84, 86, 87, 88], "excluded_lines": []}, "ImageFileHandler.on_created": {"executed_lines": [], "summary": {"covered_lines": 0, "num_statements": 22, "percent_covered": 0.0, "percent_covered_display": "0", "missing_lines": 22, "excluded_lines": 0}, "missing_lines": [96, 98, 99, 101, 104, 105, 107, 110, 111, 112, 115, 117, 118, 119, 120, 122, 123, 124, 126, 127, 128, 129], "excluded_lines": []}, "ImageFileHandler._execute_callback_with_retry": {"executed_lines": [], "summary": {"covered_lines": 0, "num_statements": 11, "percent_covered": 0.0, "percent_covered_display": "0", "missing_lines": 11, "excluded_lines": 0}, "missing_lines": [140, 141, 142, 143, 145, 146, 147, 148, 156, 158, 160], "excluded_lines": []}, "ImageFileHandler.get_stats": {"executed_lines": [], "summary": {"covered_lines": 0, "num_statements": 4, "percent_covered": 0.0, "percent_covered_display": "0", "missing_lines": 4, "excluded_lines": 0}, "missing_lines": [168, 169, 170, 172], "excluded_lines": []}, "FileWatcher.__init__": {"executed_lines": [], "summary": {"covered_lines": 0, "num_statements": 16, "percent_covered": 0.0, "percent_covered_display": "0", "missing_lines": 16, "excluded_lines": 0}, "missing_lines": [208, 209, 211, 212, 213, 214, 215, 216, 219, 226, 227, 228, 231, 232, 233, 235], "excluded_lines": []}, "FileWatcher._validate_config": {"executed_lines": [], "summary": {"covered_lines": 0, "num_statements": 23, "percent_covered": 0.0, "percent_covered_display": "0", "missing_lines": 23, "excluded_lines": 0}, "missing_lines": [258, 260, 261, 262, 264, 265, 266, 268, 269, 270, 273, 274, 275, 278, 279, 280, 282, 283, 284, 286, 288, 289, 290], "excluded_lines": []}, "FileWatcher.start": {"executed_lines": [], "summary": {"covered_lines": 0, "num_statements": 25, "percent_covered": 0.0, "percent_covered_display": "0", "missing_lines": 25, "excluded_lines": 0}, "missing_lines": [294, 295, 296, 298, 299, 301, 302, 303, 305, 306, 309, 316, 317, 318, 320, 321, 323, 324, 325, 327, 328, 329, 336, 338, 339], "excluded_lines": []}, "FileWatcher.stop": {"executed_lines": [], "summary": {"covered_lines": 0, "num_statements": 15, "percent_covered": 0.0, "percent_covered_display": "0", "missing_lines": 15, "excluded_lines": 0}, "missing_lines": [343, 344, 345, 347, 348, 349, 350, 352, 353, 355, 357, 359, 360, 361, 362], "excluded_lines": []}, "FileWatcher.health_check": {"executed_lines": [], "summary": {"covered_lines": 0, "num_statements": 15, "percent_covered": 0.0, "percent_covered_display": "0", "missing_lines": 15, "excluded_lines": 0}, "missing_lines": [370, 372, 374, 375, 378, 379, 380, 383, 385, 386, 399, 400, 402, 403, 404], "excluded_lines": []}, "FileWatcher.get_stats": {"executed_lines": [], "summary": {"covered_lines": 0, "num_statements": 2, "percent_covered": 0.0, "percent_covered_display": "0", "missing_lines": 2, "excluded_lines": 0}, "missing_lines": [416, 417], "excluded_lines": []}, "FileWatcher.__enter__": {"executed_lines": [], "summary": {"covered_lines": 0, "num_statements": 2, "percent_covered": 0.0, "percent_covered_display": "0", "missing_lines": 2, "excluded_lines": 0}, "missing_lines": [428, 429], "excluded_lines": []}, "FileWatcher.__exit__": {"executed_lines": [], "summary": {"covered_lines": 0, "num_statements": 1, "percent_covered": 0.0, "percent_covered_display": "0", "missing_lines": 1, "excluded_lines": 0}, "missing_lines": [432], "excluded_lines": []}, "scan_existing_files": {"executed_lines": [455, 457, 459, 462, 465, 469, 470, 471, 473, 477, 478, 481, 482, 483, 484, 486, 487, 488, 489, 492, 493, 496, 497, 499, 502, 503, 504, 507, 510, 524, 527, 538], "summary": {"covered_lines": 32, "num_statements": 49, "percent_covered": 65.3061224489796, "percent_covered_display": "65", "missing_lines": 17, "excluded_lines": 0}, "missing_lines": [460, 463, 466, 474, 475, 511, 512, 514, 515, 516, 517, 519, 520, 521, 540, 541, 542], "excluded_lines": []}, "": {"executed_lines": [1, 3, 4, 5, 6, 7, 8, 10, 11, 12, 13, 15, 18, 20, 23, 24, 26, 57, 90, 131, 162, 184, 185, 187, 242, 292, 341, 364, 410, 427, 431, 435], "summary": {"covered_lines": 28, "num_statements": 28, "percent_covered": 100.0, "percent_covered_display": "100", "missing_lines": 0, "excluded_lines": 2}, "missing_lines": [], "excluded_lines": [15, 16]}}, "classes": {"ImageFileHandler": {"executed_lines": [], "summary": {"covered_lines": 0, "num_statements": 62, "percent_covered": 0.0, "percent_covered_display": "0", "missing_lines": 62, "excluded_lines": 0}, "missing_lines": [41, 42, 44, 45, 46, 47, 50, 51, 52, 53, 55, 69, 71, 72, 73, 76, 77, 78, 80, 81, 82, 84, 86, 87, 88, 96, 98, 99, 101, 104, 105, 107, 110, 111, 112, 115, 117, 118, 119, 120, 122, 123, 124, 126, 127, 128, 129, 140, 141, 142, 143, 145, 146, 147, 148, 156, 158, 160, 168, 169, 170, 172], "excluded_lines": []}, "FileWatcher": {"executed_lines": [], "summary": {"covered_lines": 0, "num_statements": 99, "percent_covered": 0.0, "percent_covered_display": "0", "missing_lines": 99, "excluded_lines": 0}, "missing_lines": [208, 209, 211, 212, 213, 214, 215, 216, 219, 226, 227, 228, 231, 232, 233, 235, 258, 260, 261, 262, 264, 265, 266, 268, 269, 270, 273, 274, 275, 278, 279, 280, 282, 283, 284, 286, 288, 289, 290, 294, 295, 296, 298, 299, 301, 302, 303, 305, 306, 309, 316, 317, 318, 320, 321, 323, 324, 325, 327, 328, 329, 336, 338, 339, 343, 344, 345, 347, 348, 349, 350, 352, 353, 355, 357, 359, 360, 361, 362, 370, 372, 374, 375, 378, 379, 380, 383, 385, 386, 399, 400, 402, 403, 404, 416, 417, 428, 429, 432], "excluded_lines": []}, "": {"executed_lines": [1, 3, 4, 5, 6, 7, 8, 10, 11, 12, 13, 15, 18, 20, 23, 24, 26, 57, 90, 131, 162, 184, 185, 187, 242, 292, 341, 364, 410, 427, 431, 435, 455, 457, 459, 462, 465, 469, 470, 471, 473, 477, 478, 481, 482, 483, 484, 486, 487, 488, 489, 492, 493, 496, 497, 499, 502, 503, 504, 507, 510, 524, 527, 538], "summary": {"covered_lines": 60, "num_statements": 77, "percent_covered": 77.92207792207792, "percent_covered_display": "78", "missing_lines": 17, "excluded_lines": 2}, "missing_lines": [460, 463, 466, 474, 475, 511, 512, 514, 515, 516, 517, 519, 520, 521, 540, 541, 542], "excluded_lines": [15, 16]}}}, "tests/__init__.py": {"executed_lines": [1], "summary": {"covered_lines": 0, "num_statements": 0, "percent_covered": 100.0, "percent_covered_display": "100", "missing_lines": 0, "excluded_lines": 0}, "missing_lines": [], "excluded_lines": [], "functions": {"": {"executed_lines": [1], "summary": {"covered_lines": 0, "num_statements": 0, "percent_covered": 100.0, "percent_covered_display": "100", "missing_lines": 0, "excluded_lines": 0}, "missing_lines": [], "excluded_lines": []}}, "classes": {"": {"executed_lines": [1], "summary": {"covered_lines": 0, "num_statements": 0, "percent_covered": 100.0, "percent_covered_display": "100", "missing_lines": 0, "excluded_lines": 0}, "missing_lines": [], "excluded_lines": []}}}, "tests/test_config.py": {"executed_lines": [1, 3, 4, 6, 9, 12, 13, 14, 17, 18, 19, 22, 26, 27, 28, 31, 32, 33, 36, 37, 38, 39, 40, 41, 42, 44, 45, 46, 49, 50, 51, 52, 53, 54, 55, 57, 58], "summary": {"covered_lines": 36, "num_statements": 36, "percent_covered": 100.0, "percent_covered_display": "100", "missing_lines": 0, "excluded_lines": 0}, "missing_lines": [], "excluded_lines": [], "functions": {"test_config_defaults": {"executed_lines": [12, 13, 14, 17, 18, 19], "summary": {"covered_lines": 6, "num_statements": 6, "percent_covered": 100.0, "percent_covered_display": "100", "missing_lines": 0, "excluded_lines": 0}, "missing_lines": [], "excluded_lines": []}, "test_config_watch_dir_from_env": {"executed_lines": [26, 27, 28], "summary": {"covered_lines": 3, "num_statements": 3, "percent_covered": 100.0, "percent_covered_display": "100", "missing_lines": 0, "excluded_lines": 0}, "missing_lines": [], "excluded_lines": []}, "test_config_supported_extensions": {"executed_lines": [32, 33], "summary": {"covered_lines": 2, "num_statements": 2, "percent_covered": 100.0, "percent_covered_display": "100", "missing_lines": 0, "excluded_lines": 0}, "missing_lines": [], "excluded_lines": []}, "test_config_validation_missing_fields": {"executed_lines": [37, 38, 39, 40, 41, 42, 44, 45, 46], "summary": {"covered_lines": 9, "num_statements": 9, "percent_covered": 100.0, "percent_covered_display": "100", "missing_lines": 0, "excluded_lines": 0}, "missing_lines": [], "excluded_lines": []}, "test_config_validation_all_fields_present": {"executed_lines": [50, 51, 52, 53, 54, 55, 57, 58], "summary": {"covered_lines": 8, "num_statements": 8, "percent_covered": 100.0, "percent_covered_display": "100", "missing_lines": 0, "excluded_lines": 0}, "missing_lines": [], "excluded_lines": []}, "": {"executed_lines": [1, 3, 4, 6, 9, 22, 31, 36, 49], "summary": {"covered_lines": 8, "num_statements": 8, "percent_covered": 100.0, "percent_covered_display": "100", "missing_lines": 0, "excluded_lines": 0}, "missing_lines": [], "excluded_lines": []}}, "classes": {"": {"executed_lines": [1, 3, 4, 6, 9, 12, 13, 14, 17, 18, 19, 22, 26, 27, 28, 31, 32, 33, 36, 37, 38, 39, 40, 41, 42, 44, 45, 46, 49, 50, 51, 52, 53, 54, 55, 57, 58], "summary": {"covered_lines": 36, "num_statements": 36, "percent_covered": 100.0, "percent_covered_display": "100", "missing_lines": 0, "excluded_lines": 0}, "missing_lines": [], "excluded_lines": []}}}, "tests/test_embeddings.py": {"executed_lines": [1, 3, 4, 6, 7, 9, 10, 13, 14, 16, 23, 24, 26, 27, 28, 29, 32, 33, 35, 37, 43, 44, 45, 46, 47, 49, 51, 58, 59, 62, 63, 65, 67, 68, 69, 71, 73, 74, 76, 78, 79, 81, 83, 84, 86, 88, 89, 91, 93, 94, 95, 97, 99, 100, 101, 103, 105, 106, 107, 108, 113, 114, 116, 117, 119, 120, 122, 123, 124, 126, 127, 129, 131, 132, 134, 136, 137, 138, 139, 141, 142, 144, 146, 147, 149, 151, 152, 153, 155, 156, 158, 160, 161, 163, 165, 166, 167, 169, 170, 173, 174, 176, 177, 179, 181, 182, 183, 185, 188, 189, 190, 192, 193, 194, 196, 197, 199, 202, 203, 204, 206, 207, 209, 211, 213, 215, 217, 218, 220, 222, 225, 226, 228, 230, 232, 233, 234, 236, 237, 238, 240, 242, 243, 245, 247, 249, 250, 251, 253, 255, 257, 259, 260, 261, 262, 264, 266, 267, 269, 271, 272, 274, 277, 278, 280, 282, 284, 285, 287, 289, 290, 291, 293, 295, 297, 299, 301, 303, 304, 306, 308, 309, 310, 312, 314, 316, 317, 318, 320, 322, 323, 326, 327, 329, 331, 332, 334, 335, 337, 341, 342, 344, 345, 347, 349, 351, 353, 355, 357, 359, 361, 362, 364, 366, 367, 369, 372, 373, 375, 378, 379, 381, 383, 384, 386, 389, 391, 394, 395, 398, 401, 402, 404, 406, 407, 408, 410, 412, 413, 414, 416, 418, 419, 420, 422, 424, 425, 426, 429, 430, 432, 434, 436, 437, 438, 439, 440, 441, 442, 443, 445, 446, 447, 448, 451, 452, 454, 456, 457, 458, 461, 462, 464, 465, 467, 469, 470, 472], "summary": {"covered_lines": 268, "num_statements": 268, "percent_covered": 100.0, "percent_covered_display": "100", "missing_lines": 0, "excluded_lines": 0}, "missing_lines": [], "excluded_lines": [], "functions": {"embedding_generator": {"executed_lines": [16], "summary": {"covered_lines": 1, "num_statements": 1, "percent_covered": 100.0, "percent_covered_display": "100", "missing_lines": 0, "excluded_lines": 0}, "missing_lines": [], "excluded_lines": []}, "mock_embedding_response": {"executed_lines": [26, 27, 28, 29], "summary": {"covered_lines": 4, "num_statements": 4, "percent_covered": 100.0, "percent_covered_display": "100", "missing_lines": 0, "excluded_lines": 0}, "missing_lines": [], "excluded_lines": []}, "TestEmbeddingGeneratorInitialization.test_initialization_success": {"executed_lines": [37, 43, 44, 45, 46, 47], "summary": {"covered_lines": 6, "num_statements": 6, "percent_covered": 100.0, "percent_covered_display": "100", "missing_lines": 0, "excluded_lines": 0}, "missing_lines": [], "excluded_lines": []}, "TestEmbeddingGeneratorInitialization.test_initialization_with_custom_api_version": {"executed_lines": [51, 58, 59], "summary": {"covered_lines": 3, "num_statements": 3, "percent_covered": 100.0, "percent_covered_display": "100", "missing_lines": 0, "excluded_lines": 0}, "missing_lines": [], "excluded_lines": []}, "TestTextValidation.test_validate_text_success": {"executed_lines": [67, 68, 69], "summary": {"covered_lines": 3, "num_statements": 3, "percent_covered": 100.0, "percent_covered_display": "100", "missing_lines": 0, "excluded_lines": 0}, "missing_lines": [], "excluded_lines": []}, "TestTextValidation.test_validate_text_empty_string": {"executed_lines": [73, 74], "summary": {"covered_lines": 2, "num_statements": 2, "percent_covered": 100.0, "percent_covered_display": "100", "missing_lines": 0, "excluded_lines": 0}, "missing_lines": [], "excluded_lines": []}, "TestTextValidation.test_validate_text_whitespace_only": {"executed_lines": [78, 79], "summary": {"covered_lines": 2, "num_statements": 2, "percent_covered": 100.0, "percent_covered_display": "100", "missing_lines": 0, "excluded_lines": 0}, "missing_lines": [], "excluded_lines": []}, "TestTextValidation.test_validate_text_none": {"executed_lines": [83, 84], "summary": {"covered_lines": 2, "num_statements": 2, "percent_covered": 100.0, "percent_covered_display": "100", "missing_lines": 0, "excluded_lines": 0}, "missing_lines": [], "excluded_lines": []}, "TestTextValidation.test_validate_text_wrong_type": {"executed_lines": [88, 89], "summary": {"covered_lines": 2, "num_statements": 2, "percent_covered": 100.0, "percent_covered_display": "100", "missing_lines": 0, "excluded_lines": 0}, "missing_lines": [], "excluded_lines": []}, "TestTextValidation.test_validate_text_too_long": {"executed_lines": [93, 94, 95], "summary": {"covered_lines": 3, "num_statements": 3, "percent_covered": 100.0, "percent_covered_display": "100", "missing_lines": 0, "excluded_lines": 0}, "missing_lines": [], "excluded_lines": []}, "TestTextValidation.test_validate_text_max_length_boundary": {"executed_lines": [99, 100, 101], "summary": {"covered_lines": 3, "num_statements": 3, "percent_covered": 100.0, "percent_covered_display": "100", "missing_lines": 0, "excluded_lines": 0}, "missing_lines": [], "excluded_lines": []}, "TestTextValidation.test_validate_text_unicode_warning": {"executed_lines": [105, 106, 107, 108], "summary": {"covered_lines": 4, "num_statements": 4, "percent_covered": 100.0, "percent_covered_display": "100", "missing_lines": 0, "excluded_lines": 0}, "missing_lines": [], "excluded_lines": []}, "TestEmbeddingRetryLogic.test_retry_success_first_attempt": {"executed_lines": [119, 120, 122, 123, 124], "summary": {"covered_lines": 5, "num_statements": 5, "percent_covered": 100.0, "percent_covered_display": "100", "missing_lines": 0, "excluded_lines": 0}, "missing_lines": [], "excluded_lines": []}, "TestEmbeddingRetryLogic.test_retry_success_second_attempt": {"executed_lines": [129, 131, 132, 134, 136, 137, 138, 139], "summary": {"covered_lines": 8, "num_statements": 8, "percent_covered": 100.0, "percent_covered_display": "100", "missing_lines": 0, "excluded_lines": 0}, "missing_lines": [], "excluded_lines": []}, "TestEmbeddingRetryLogic.test_retry_rate_limiting_exponential_backoff": {"executed_lines": [144, 146, 147, 149, 151, 152, 153], "summary": {"covered_lines": 7, "num_statements": 7, "percent_covered": 100.0, "percent_covered_display": "100", "missing_lines": 0, "excluded_lines": 0}, "missing_lines": [], "excluded_lines": []}, "TestEmbeddingRetryLogic.test_retry_timeout_linear_backoff": {"executed_lines": [158, 160, 161, 163, 165, 166, 167], "summary": {"covered_lines": 7, "num_statements": 7, "percent_covered": 100.0, "percent_covered_display": "100", "missing_lines": 0, "excluded_lines": 0}, "missing_lines": [], "excluded_lines": []}, "TestEmbeddingRetryLogic.test_retry_connection_error_linear_backoff": {"executed_lines": [173, 174, 176, 177, 179, 181, 182, 183], "summary": {"covered_lines": 8, "num_statements": 8, "percent_covered": 100.0, "percent_covered_display": "100", "missing_lines": 0, "excluded_lines": 0}, "missing_lines": [], "excluded_lines": []}, "TestEmbeddingRetryLogic.test_retry_server_error_retryable": {"executed_lines": [188, 189, 190, 192, 193, 194, 196, 197], "summary": {"covered_lines": 8, "num_statements": 8, "percent_covered": 100.0, "percent_covered_display": "100", "missing_lines": 0, "excluded_lines": 0}, "missing_lines": [], "excluded_lines": []}, "TestEmbeddingRetryLogic.test_retry_client_error_no_retry": {"executed_lines": [202, 203, 204, 206, 207, 209, 211], "summary": {"covered_lines": 7, "num_statements": 7, "percent_covered": 100.0, "percent_covered_display": "100", "missing_lines": 0, "excluded_lines": 0}, "missing_lines": [], "excluded_lines": []}, "TestEmbeddingRetryLogic.test_retry_unexpected_error_no_retry": {"executed_lines": [215, 217, 218, 220, 222], "summary": {"covered_lines": 5, "num_statements": 5, "percent_covered": 100.0, "percent_covered_display": "100", "missing_lines": 0, "excluded_lines": 0}, "missing_lines": [], "excluded_lines": []}, "TestGenerateEmbedding.test_generate_embedding_success": {"executed_lines": [230, 232, 233, 234, 236, 237, 238], "summary": {"covered_lines": 7, "num_statements": 7, "percent_covered": 100.0, "percent_covered_display": "100", "missing_lines": 0, "excluded_lines": 0}, "missing_lines": [], "excluded_lines": []}, "TestGenerateEmbedding.test_generate_embedding_validation_failure": {"executed_lines": [242, 243, 245], "summary": {"covered_lines": 3, "num_statements": 3, "percent_covered": 100.0, "percent_covered_display": "100", "missing_lines": 0, "excluded_lines": 0}, "missing_lines": [], "excluded_lines": []}, "TestGenerateEmbedding.test_generate_embedding_retry_failure": {"executed_lines": [249, 250, 251, 253], "summary": {"covered_lines": 4, "num_statements": 4, "percent_covered": 100.0, "percent_covered_display": "100", "missing_lines": 0, "excluded_lines": 0}, "missing_lines": [], "excluded_lines": []}, "TestGenerateEmbedding.test_generate_embedding_performance_metrics": {"executed_lines": [257, 259, 260, 261, 262, 264, 266, 267], "summary": {"covered_lines": 8, "num_statements": 8, "percent_covered": 100.0, "percent_covered_display": "100", "missing_lines": 0, "excluded_lines": 0}, "missing_lines": [], "excluded_lines": []}, "TestGenerateEmbedding.test_generate_embedding_exception_handling": {"executed_lines": [271, 272, 274], "summary": {"covered_lines": 3, "num_statements": 3, "percent_covered": 100.0, "percent_covered_display": "100", "missing_lines": 0, "excluded_lines": 0}, "missing_lines": [], "excluded_lines": []}, "TestGenerateEmbeddingsBatch.test_generate_embeddings_batch_success": {"executed_lines": [282, 284, 285, 287, 289, 290, 291], "summary": {"covered_lines": 7, "num_statements": 7, "percent_covered": 100.0, "percent_covered_display": "100", "missing_lines": 0, "excluded_lines": 0}, "missing_lines": [], "excluded_lines": []}, "TestGenerateEmbeddingsBatch.test_generate_embeddings_batch_empty_list": {"executed_lines": [295, 297], "summary": {"covered_lines": 2, "num_statements": 2, "percent_covered": 100.0, "percent_covered_display": "100", "missing_lines": 0, "excluded_lines": 0}, "missing_lines": [], "excluded_lines": []}, "TestGenerateEmbeddingsBatch.test_generate_embeddings_batch_partial_failure": {"executed_lines": [301, 303, 304, 306, 308, 309, 310], "summary": {"covered_lines": 7, "num_statements": 7, "percent_covered": 100.0, "percent_covered_display": "100", "missing_lines": 0, "excluded_lines": 0}, "missing_lines": [], "excluded_lines": []}, "TestGenerateEmbeddingsBatch.test_generate_embeddings_batch_metrics": {"executed_lines": [314, 316, 317, 318, 320, 322, 323], "summary": {"covered_lines": 7, "num_statements": 7, "percent_covered": 100.0, "percent_covered_display": "100", "missing_lines": 0, "excluded_lines": 0}, "missing_lines": [], "excluded_lines": []}, "TestChunkText.test_chunk_text_short_text": {"executed_lines": [331, 332, 334, 335], "summary": {"covered_lines": 4, "num_statements": 4, "percent_covered": 100.0, "percent_covered_display": "100", "missing_lines": 0, "excluded_lines": 0}, "missing_lines": [], "excluded_lines": []}, "TestChunkText.test_chunk_text_long_text": {"executed_lines": [341, 342, 344, 345], "summary": {"covered_lines": 4, "num_statements": 4, "percent_covered": 100.0, "percent_covered_display": "100", "missing_lines": 0, "excluded_lines": 0}, "missing_lines": [], "excluded_lines": []}, "TestChunkText.test_chunk_text_empty_string": {"executed_lines": [349, 351], "summary": {"covered_lines": 2, "num_statements": 2, "percent_covered": 100.0, "percent_covered_display": "100", "missing_lines": 0, "excluded_lines": 0}, "missing_lines": [], "excluded_lines": []}, "TestChunkText.test_chunk_text_whitespace_only": {"executed_lines": [355, 357], "summary": {"covered_lines": 2, "num_statements": 2, "percent_covered": 100.0, "percent_covered_display": "100", "missing_lines": 0, "excluded_lines": 0}, "missing_lines": [], "excluded_lines": []}, "TestChunkText.test_chunk_text_custom_parameters": {"executed_lines": [361, 362, 364, 366, 367], "summary": {"covered_lines": 5, "num_statements": 5, "percent_covered": 100.0, "percent_covered_display": "100", "missing_lines": 0, "excluded_lines": 0}, "missing_lines": [], "excluded_lines": []}, "TestChunkText.test_chunk_text_sentence_boundaries": {"executed_lines": [372, 373, 375, 378, 379], "summary": {"covered_lines": 5, "num_statements": 5, "percent_covered": 100.0, "percent_covered_display": "100", "missing_lines": 0, "excluded_lines": 0}, "missing_lines": [], "excluded_lines": []}, "TestChunkText.test_chunk_text_overlap": {"executed_lines": [383, 384, 386, 389], "summary": {"covered_lines": 4, "num_statements": 4, "percent_covered": 100.0, "percent_covered_display": "100", "missing_lines": 0, "excluded_lines": 0}, "missing_lines": [], "excluded_lines": []}, "TestChunkText.test_chunk_text_skip_very_short_chunks": {"executed_lines": [394, 395, 398], "summary": {"covered_lines": 3, "num_statements": 3, "percent_covered": 100.0, "percent_covered_display": "100", "missing_lines": 0, "excluded_lines": 0}, "missing_lines": [], "excluded_lines": []}, "TestHealthCheck.test_health_check_success": {"executed_lines": [406, 407, 408], "summary": {"covered_lines": 3, "num_statements": 3, "percent_covered": 100.0, "percent_covered_display": "100", "missing_lines": 0, "excluded_lines": 0}, "missing_lines": [], "excluded_lines": []}, "TestHealthCheck.test_health_check_no_embedding_returned": {"executed_lines": [412, 413, 414], "summary": {"covered_lines": 3, "num_statements": 3, "percent_covered": 100.0, "percent_covered_display": "100", "missing_lines": 0, "excluded_lines": 0}, "missing_lines": [], "excluded_lines": []}, "TestHealthCheck.test_health_check_empty_embedding": {"executed_lines": [418, 419, 420], "summary": {"covered_lines": 3, "num_statements": 3, "percent_covered": 100.0, "percent_covered_display": "100", "missing_lines": 0, "excluded_lines": 0}, "missing_lines": [], "excluded_lines": []}, "TestHealthCheck.test_health_check_exception": {"executed_lines": [424, 425, 426], "summary": {"covered_lines": 3, "num_statements": 3, "percent_covered": 100.0, "percent_covered_display": "100", "missing_lines": 0, "excluded_lines": 0}, "missing_lines": [], "excluded_lines": []}, "TestGetEmbeddingInfo.test_get_embedding_info": {"executed_lines": [434, 436, 437, 438, 439, 440, 441, 442, 443, 445, 446, 447, 448], "summary": {"covered_lines": 13, "num_statements": 13, "percent_covered": 100.0, "percent_covered_display": "100", "missing_lines": 0, "excluded_lines": 0}, "missing_lines": [], "excluded_lines": []}, "TestLoggingIntegration.test_logger_initialization": {"executed_lines": [456, 457, 458, 461, 462, 464, 465], "summary": {"covered_lines": 7, "num_statements": 7, "percent_covered": 100.0, "percent_covered_display": "100", "missing_lines": 0, "excluded_lines": 0}, "missing_lines": [], "excluded_lines": []}, "TestLoggingIntegration.test_initialization_logging": {"executed_lines": [469, 470, 472], "summary": {"covered_lines": 3, "num_statements": 3, "percent_covered": 100.0, "percent_covered_display": "100", "missing_lines": 0, "excluded_lines": 0}, "missing_lines": [], "excluded_lines": []}, "": {"executed_lines": [1, 3, 4, 6, 7, 9, 10, 13, 14, 23, 24, 32, 33, 35, 49, 62, 63, 65, 71, 76, 81, 86, 91, 97, 103, 113, 114, 116, 117, 126, 127, 141, 142, 155, 156, 169, 170, 185, 199, 213, 225, 226, 228, 240, 247, 255, 269, 277, 278, 280, 293, 299, 312, 326, 327, 329, 337, 347, 353, 359, 369, 381, 391, 401, 402, 404, 410, 416, 422, 429, 430, 432, 451, 452, 454, 467], "summary": {"covered_lines": 66, "num_statements": 66, "percent_covered": 100.0, "percent_covered_display": "100", "missing_lines": 0, "excluded_lines": 0}, "missing_lines": [], "excluded_lines": []}}, "classes": {"TestEmbeddingGeneratorInitialization": {"executed_lines": [37, 43, 44, 45, 46, 47, 51, 58, 59], "summary": {"covered_lines": 9, "num_statements": 9, "percent_covered": 100.0, "percent_covered_display": "100", "missing_lines": 0, "excluded_lines": 0}, "missing_lines": [], "excluded_lines": []}, "TestTextValidation": {"executed_lines": [67, 68, 69, 73, 74, 78, 79, 83, 84, 88, 89, 93, 94, 95, 99, 100, 101, 105, 106, 107, 108], "summary": {"covered_lines": 21, "num_statements": 21, "percent_covered": 100.0, "percent_covered_display": "100", "missing_lines": 0, "excluded_lines": 0}, "missing_lines": [], "excluded_lines": []}, "TestEmbeddingRetryLogic": {"executed_lines": [119, 120, 122, 123, 124, 129, 131, 132, 134, 136, 137, 138, 139, 144, 146, 147, 149, 151, 152, 153, 158, 160, 161, 163, 165, 166, 167, 173, 174, 176, 177, 179, 181, 182, 183, 188, 189, 190, 192, 193, 194, 196, 197, 202, 203, 204, 206, 207, 209, 211, 215, 217, 218, 220, 222], "summary": {"covered_lines": 55, "num_statements": 55, "percent_covered": 100.0, "percent_covered_display": "100", "missing_lines": 0, "excluded_lines": 0}, "missing_lines": [], "excluded_lines": []}, "TestGenerateEmbedding": {"executed_lines": [230, 232, 233, 234, 236, 237, 238, 242, 243, 245, 249, 250, 251, 253, 257, 259, 260, 261, 262, 264, 266, 267, 271, 272, 274], "summary": {"covered_lines": 25, "num_statements": 25, "percent_covered": 100.0, "percent_covered_display": "100", "missing_lines": 0, "excluded_lines": 0}, "missing_lines": [], "excluded_lines": []}, "TestGenerateEmbeddingsBatch": {"executed_lines": [282, 284, 285, 287, 289, 290, 291, 295, 297, 301, 303, 304, 306, 308, 309, 310, 314, 316, 317, 318, 320, 322, 323], "summary": {"covered_lines": 23, "num_statements": 23, "percent_covered": 100.0, "percent_covered_display": "100", "missing_lines": 0, "excluded_lines": 0}, "missing_lines": [], "excluded_lines": []}, "TestChunkText": {"executed_lines": [331, 332, 334, 335, 341, 342, 344, 345, 349, 351, 355, 357, 361, 362, 364, 366, 367, 372, 373, 375, 378, 379, 383, 384, 386, 389, 394, 395, 398], "summary": {"covered_lines": 29, "num_statements": 29, "percent_covered": 100.0, "percent_covered_display": "100", "missing_lines": 0, "excluded_lines": 0}, "missing_lines": [], "excluded_lines": []}, "TestHealthCheck": {"executed_lines": [406, 407, 408, 412, 413, 414, 418, 419, 420, 424, 425, 426], "summary": {"covered_lines": 12, "num_statements": 12, "percent_covered": 100.0, "percent_covered_display": "100", "missing_lines": 0, "excluded_lines": 0}, "missing_lines": [], "excluded_lines": []}, "TestGetEmbeddingInfo": {"executed_lines": [434, 436, 437, 438, 439, 440, 441, 442, 443, 445, 446, 447, 448], "summary": {"covered_lines": 13, "num_statements": 13, "percent_covered": 100.0, "percent_covered_display": "100", "missing_lines": 0, "excluded_lines": 0}, "missing_lines": [], "excluded_lines": []}, "TestLoggingIntegration": {"executed_lines": [456, 457, 458, 461, 462, 464, 465, 469, 470, 472], "summary": {"covered_lines": 10, "num_statements": 10, "percent_covered": 100.0, "percent_covered_display": "100", "missing_lines": 0, "excluded_lines": 0}, "missing_lines": [], "excluded_lines": []}, "": {"executed_lines": [1, 3, 4, 6, 7, 9, 10, 13, 14, 16, 23, 24, 26, 27, 28, 29, 32, 33, 35, 49, 62, 63, 65, 71, 76, 81, 86, 91, 97, 103, 113, 114, 116, 117, 126, 127, 141, 142, 155, 156, 169, 170, 185, 199, 213, 225, 226, 228, 240, 247, 255, 269, 277, 278, 280, 293, 299, 312, 326, 327, 329, 337, 347, 353, 359, 369, 381, 391, 401, 402, 404, 410, 416, 422, 429, 430, 432, 451, 452, 454, 467], "summary": {"covered_lines": 71, "num_statements": 71, "percent_covered": 100.0, "percent_covered_display": "100", "missing_lines": 0, "excluded_lines": 0}, "missing_lines": [], "excluded_lines": []}}}, "tests/test_indexer.py": {"executed_lines": [1, 3, 4, 5, 7, 8, 15, 16, 19, 20, 22, 30, 31, 33, 34, 43, 46, 47, 49, 51, 58, 59, 60, 61, 62
[...]
_validate_file_supported_extensions": {"executed_lines": [82, 83, 84, 85, 86], "summary": {"covered_lines": 5, "num_statements": 5, "percent_covered": 100.0, "percent_covered_display": "100", "missing_lines": 0, "excluded_lines": 0}, "missing_lines": [], "excluded_lines": []}, "TestFileValidation.test_validate_file_too_large": {"executed_lines": [90, 91], "summary": {"covered_lines": 2, "num_statements": 2, "percent_covered": 100.0, "percent_covered_display": "100", "missing_lines": 0, "excluded_lines": 0}, "missing_lines": [], "excluded_lines": []}, "TestFileValidation.test_validate_file_directory_not_file": {"executed_lines": [95, 96, 97, 98], "summary": {"covered_lines": 4, "num_statements": 4, "percent_covered": 100.0, "percent_covered_display": "100", "missing_lines": 0, "excluded_lines": 0}, "missing_lines": [], "excluded_lines": []}, "TestFileValidation.test_validate_file_permission_error": {"executed_lines": [102, 103, 105, 106, 107], "summary": {"covered_lines": 5, "num_statements": 5, "percent_covered": 100.0, "percent_covered_display": "100", "missing_lines": 0, "excluded_lines": 0}, "missing_lines": [], "excluded_lines": []}, "TestOCRRetryLogic.test_retry_success_first_attempt": {"executed_lines": [116, 117, 119, 120, 122, 123, 125, 126], "summary": {"covered_lines": 8, "num_statements": 8, "percent_covered": 100.0, "percent_covered_display": "100", "missing_lines": 0, "excluded_lines": 0}, "missing_lines": [], "excluded_lines": []}, "TestOCRRetryLogic.test_retry_success_second_attempt": {"executed_lines": [131, 132, 134, 135, 138, 139, 141, 142, 144, 146, 147, 148], "summary": {"covered_lines": 12, "num_statements": 12, "percent_covered": 100.0, "percent_covered_display": "100", "missing_lines": 0, "excluded_lines": 0}, "missing_lines": [], "excluded_lines": []}, "TestOCRRetryLogic.test_retry_rate_limiting_exponential_backoff": {"executed_lines": [153, 154, 156, 157, 159, 161, 162, 163], "summary": {"covered_lines": 8, "num_statements": 8, "percent_covered": 100.0, "percent_covered_display": "100", "missing_lines": 0, "excluded_lines": 0}, "missing_lines": [], "excluded_lines": []}, "TestOCRRetryLogic.test_retry_server_error_linear_backoff": {"executed_lines": [168, 169, 171, 172, 174, 176, 177, 178], "summary": {"covered_lines": 8, "num_statements": 8, "percent_covered": 100.0, "percent_covered_display": "100", "missing_lines": 0, "excluded_lines": 0}, "missing_lines": [], "excluded_lines": []}, "TestOCRRetryLogic.test_retry_authentication_error_no_retry": {"executed_lines": [182, 184, 185, 187, 189], "summary": {"covered_lines": 5, "num_statements": 5, "percent_covered": 100.0, "percent_covered_display": "100", "missing_lines": 0, "excluded_lines": 0}, "missing_lines": [], "excluded_lines": []}, "TestOCRRetryLogic.test_retry_client_error_no_retry": {"executed_lines": [193, 194, 196, 197, 199, 201], "summary": {"covered_lines": 6, "num_statements": 6, "percent_covered": 100.0, "percent_covered_display": "100", "missing_lines": 0, "excluded_lines": 0}, "missing_lines": [], "excluded_lines": []}, "TestOCRRetryLogic.test_retry_azure_error_with_backoff": {"executed_lines": [206, 208, 209, 211, 212], "summary": {"covered_lines": 5, "num_statements": 5, "percent_covered": 100.0, "percent_covered_display": "100", "missing_lines": 0, "excluded_lines": 0}, "missing_lines": [], "excluded_lines": []}, "TestOCRRetryLogic.test_retry_unexpected_error_no_retry": {"executed_lines": [216, 218, 219, 221, 223], "summary": {"covered_lines": 5, "num_statements": 5, "percent_covered": 100.0, "percent_covered_display": "100", "missing_lines": 0, "excluded_lines": 0}, "missing_lines": [], "excluded_lines": []}, "TestOCRRetryLogic.test_retry_http_error_without_status_code": {"executed_lines": [227, 230, 231, 232, 234, 235], "summary": {"covered_lines": 6, "num_statements": 6, "percent_covered": 100.0, "percent_covered_display": "100", "missing_lines": 0, "excluded_lines": 0}, "missing_lines": [], "excluded_lines": []}, "TestExtractText.test_extract_text_success": {"executed_lines": [243, 245, 246, 248, 249, 250, 252], "summary": {"covered_lines": 7, "num_statements": 7, "percent_covered": 100.0, "percent_covered_display": "100", "missing_lines": 0, "excluded_lines": 0}, "missing_lines": [], "excluded_lines": []}, "TestExtractText.test_extract_text_validation_failure": {"executed_lines": [256, 257, 259], "summary": {"covered_lines": 3, "num_statements": 3, "percent_covered": 100.0, "percent_covered_display": "100", "missing_lines": 0, "excluded_lines": 0}, "missing_lines": [], "excluded_lines": []}, "TestExtractText.test_extract_text_ocr_failure": {"executed_lines": [263, 264, 265, 267], "summary": {"covered_lines": 4, "num_statements": 4, "percent_covered": 100.0, "percent_covered_display": "100", "missing_lines": 0, "excluded_lines": 0}, "missing_lines": [], "excluded_lines": []}, "TestExtractText.test_extract_text_empty_content": {"executed_lines": [271, 272, 274, 275, 276, 278], "summary": {"covered_lines": 6, "num_statements": 6, "percent_covered": 100.0, "percent_covered_display": "100", "missing_lines": 0, "excluded_lines": 0}, "missing_lines": [], "excluded_lines": []}, "TestExtractText.test_extract_text_performance_metrics": {"executed_lines": [282, 284, 285, 287, 288, 289, 290, 292, 294, 295], "summary": {"covered_lines": 10, "num_statements": 10, "percent_covered": 100.0, "percent_covered_display": "100", "missing_lines": 0, "excluded_lines": 0}, "missing_lines": [], "excluded_lines": []}, "TestExtractText.test_extract_text_exception_handling": {"executed_lines": [299, 300, 302], "summary": {"covered_lines": 3, "num_statements": 3, "percent_covered": 100.0, "percent_covered_display": "100", "missing_lines": 0, "excluded_lines": 0}, "missing_lines": [], "excluded_lines": []}, "TestExtractTextWithMetadata.test_extract_text_with_metadata_success": {"executed_lines": [310, 312, 313, 314, 315, 317, 318, 319, 321, 322, 323, 324, 325, 326, 327, 328, 329], "summary": {"covered_lines": 17, "num_statements": 17, "percent_covered": 100.0, "percent_covered_display": "100", "missing_lines": 0, "excluded_lines": 0}, "missing_lines": [], "excluded_lines": []}, "TestExtractTextWithMetadata.test_extract_text_with_metadata_empty_text": {"executed_lines": [333, 334, 335, 336, 338, 339, 340, 342, 343, 344, 345, 346, 347], "summary": {"covered_lines": 13, "num_statements": 13, "percent_covered": 100.0, "percent_covered_display": "100", "missing_lines": 0, "excluded_lines": 0}, "missing_lines": [], "excluded_lines": []}, "TestExtractTextWithMetadata.test_extract_text_with_metadata_none_content": {"executed_lines": [351, 352, 353, 354, 356, 357, 358, 360, 361, 362], "summary": {"covered_lines": 10, "num_statements": 10, "percent_covered": 100.0, "percent_covered_display": "100", "missing_lines": 0, "excluded_lines": 0}, "missing_lines": [], "excluded_lines": []}, "TestExtractTextWithMetadata.test_extract_text_with_metadata_validation_failure": {"executed_lines": [366, 367, 369], "summary": {"covered_lines": 3, "num_statements": 3, "percent_covered": 100.0, "percent_covered_display": "100", "missing_lines": 0, "excluded_lines": 0}, "missing_lines": [], "excluded_lines": []}, "TestExtractTextWithMetadata.test_extract_text_with_metadata_ocr_failure": {"executed_lines": [373, 374, 375, 377], "summary": {"covered_lines": 4, "num_statements": 4, "percent_covered": 100.0, "percent_covered_display": "100", "missing_lines": 0, "excluded_lines": 0}, "missing_lines": [], "excluded_lines": []}, "TestExtractTextWithMetadata.test_extract_text_with_metadata_language_logging": {"executed_lines": [381, 382, 383, 384, 386, 387, 388, 389, 391, 392, 394, 397], "summary": {"covered_lines": 12, "num_statements": 12, "percent_covered": 100.0, "percent_covered_display": "100", "missing_lines": 0, "excluded_lines": 0}, "missing_lines": [], "excluded_lines": []}, "TestHealthCheck.test_health_check_success": {"executed_lines": [405, 406], "summary": {"covered_lines": 2, "num_statements": 2, "percent_covered": 100.0, "percent_covered_display": "100", "missing_lines": 0, "excluded_lines": 0}, "missing_lines": [], "excluded_lines": []}, "TestHealthCheck.test_health_check_with_exception": {"executed_lines": [410, 411, 412], "summary": {"covered_lines": 3, "num_statements": 3, "percent_covered": 100.0, "percent_covered_display": "100", "missing_lines": 0, "excluded_lines": 0}, "missing_lines": [], "excluded_lines": []}, "TestLoggingIntegration.test_logger_initialization": {"executed_lines": [421, 422, 423, 426, 427, 429, 430], "summary": {"covered_lines": 7, "num_statements": 7, "percent_covered": 100.0, "percent_covered_display": "100", "missing_lines": 0, "excluded_lines": 0}, "missing_lines": [], "excluded_lines": []}, "TestLoggingIntegration.test_initialization_logging": {"executed_lines": [434, 435, 437], "summary": {"covered_lines": 3, "num_statements": 3, "percent_covered": 100.0, "percent_covered_display": "100", "missing_lines": 0, "excluded_lines": 0}, "missing_lines": [], "excluded_lines": []}, "": {"executed_lines": [1, 3, 4, 6, 7, 13, 14, 17, 18, 23, 24, 31, 32, 40, 41, 43, 51, 59, 60, 62, 67, 73, 80, 88, 93, 100, 110, 111, 113, 114, 128, 129, 150, 151, 165, 166, 180, 191, 203, 204, 214, 225, 238, 239, 241, 254, 261, 269, 280, 297, 305, 306, 308, 331, 349, 364, 371, 379, 400, 401, 403, 408, 415, 416, 418, 432], "summary": {"covered_lines": 58, "num_statements": 58, "percent_covered": 100.0, "percent_covered_display": "100", "missing_lines": 0, "excluded_lines": 0}, "missing_lines": [], "excluded_lines": []}}, "classes": {"TestOCRProcessorInitialization": {"executed_lines": [45, 47, 48, 49, 53, 54, 56], "summary": {"covered_lines": 7, "num_statements": 7, "percent_covered": 100.0, "percent_covered_display": "100", "missing_lines": 0, "excluded_lines": 0}, "missing_lines": [], "excluded_lines": []}, "TestFileValidation": {"executed_lines": [64, 65, 69, 70, 71, 75, 76, 77, 78, 82, 83, 84, 85, 86, 90, 91, 95, 96, 97, 98, 102, 103, 105, 106, 107], "summary": {"covered_lines": 25, "num_statements": 25, "percent_covered": 100.0, "percent_covered_display": "100", "missing_lines": 0, "excluded_lines": 0}, "missing_lines": [], "excluded_lines": []}, "TestOCRRetryLogic": {"executed_lines": [116, 117, 119, 120, 122, 123, 125, 126, 131, 132, 134, 135, 138, 139, 141, 142, 144, 146, 147, 148, 153, 154, 156, 157, 159, 161, 162, 163, 168, 169, 171, 172, 174, 176, 177, 178, 182, 184, 185, 187, 189, 193, 194, 196, 197, 199, 201, 206, 208, 209, 211, 212, 216, 218, 219, 221, 223, 227, 230, 231, 232, 234, 235], "summary": {"covered_lines": 63, "num_statements": 63, "percent_covered": 100.0, "percent_covered_display": "100", "missing_lines": 0, "excluded_lines": 0}, "missing_lines": [], "excluded_lines": []}, "TestExtractText": {"executed_lines": [243, 245, 246, 248, 249, 250, 252, 256, 257, 259, 263, 264, 265, 267, 271, 272, 274, 275, 276, 278, 282, 284, 285, 287, 288, 289, 290, 292, 294, 295, 299, 300, 302], "summary": {"covered_lines": 33, "num_statements": 33, "percent_covered": 100.0, "percent_covered_display": "100", "missing_lines": 0, "excluded_lines": 0}, "missing_lines": [], "excluded_lines": []}, "TestExtractTextWithMetadata": {"executed_lines": [310, 312, 313, 314, 315, 317, 318, 319, 321, 322, 323, 324, 325, 326, 327, 328, 329, 333, 334, 335, 336, 338, 339, 340, 342, 343, 344, 345, 346, 347, 351, 352, 353, 354, 356, 357, 358, 360, 361, 362, 366, 367, 369, 373, 374, 375, 377, 381, 382, 383, 384, 386, 387, 388, 389, 391, 392, 394, 397], "summary": {"covered_lines": 59, "num_statements": 59, "percent_covered": 100.0, "percent_covered_display": "100", "missing_lines": 0, "excluded_lines": 0}, "missing_lines": [], "excluded_lines": []}, "TestHealthCheck": {"executed_lines": [405, 406, 410, 411, 412], "summary": {"covered_lines": 5, "num_statements": 5, "percent_covered": 100.0, "percent_covered_display": "100", "missing_lines": 0, "excluded_lines": 0}, "missing_lines": [], "excluded_lines": []}, "TestLoggingIntegration": {"executed_lines": [421, 422, 423, 426, 427, 429, 430, 434, 435, 437], "summary": {"covered_lines": 10, "num_statements": 10, "percent_covered": 100.0, "percent_covered_display": "100", "missing_lines": 0, "excluded_lines": 0}, "missing_lines": [], "excluded_lines": []}, "": {"executed_lines": [1, 3, 4, 6, 7, 13, 14, 17, 18, 20, 23, 24, 26, 27, 28, 31, 32, 34, 36, 37, 40, 41, 43, 51, 59, 60, 62, 67, 73, 80, 88, 93, 100, 110, 111, 113, 114, 128, 129, 150, 151, 165, 166, 180, 191, 203, 204, 214, 225, 238, 239, 241, 254, 261, 269, 280, 297, 305, 306, 308, 331, 349, 364, 371, 379, 400, 401, 403, 408, 415, 416, 418, 432], "summary": {"covered_lines": 65, "num_statements": 65, "percent_covered": 100.0, "percent_covered_display": "100", "missing_lines": 0, "excluded_lines": 0}, "missing_lines": [], "excluded_lines": []}}}, "tests/test_state.py": {"executed_lines": [1, 3, 5, 7, 10, 11, 12, 15, 16, 17, 18, 21, 22, 23, 24, 25, 27, 28, 29, 32, 33, 34, 36, 37, 40, 41, 42, 44, 45, 46, 47, 48, 51, 52, 53, 54, 56, 57, 58, 61, 62, 63, 65, 66, 67, 70, 71, 72, 73, 75, 76, 79, 81, 84, 85, 88, 91, 94, 95, 96], "summary": {"covered_lines": 59, "num_statements": 59, "percent_covered": 100.0, "percent_covered_display": "100", "missing_lines": 0, "excluded_lines": 0}, "missing_lines": [], "excluded_lines": [], "functions": {"temp_state_file": {"executed_lines": [12], "summary": {"covered_lines": 1, "num_statements": 1, "percent_covered": 100.0, "percent_covered_display": "100", "missing_lines": 0, "excluded_lines": 0}, "missing_lines": [], "excluded_lines": []}, "test_state_manager_initialization_no_file": {"executed_lines": [16, 17, 18], "summary": {"covered_lines": 3, "num_statements": 3, "percent_covered": 100.0, "percent_covered_display": "100", "missing_lines": 0, "excluded_lines": 0}, "missing_lines": [], "excluded_lines": []}, "test_state_manager_loads_existing_state": {"executed_lines": [22, 23, 24, 25, 27, 28, 29], "summary": {"covered_lines": 7, "num_statements": 7, "percent_covered": 100.0, "percent_covered_display": "100", "missing_lines": 0, "excluded_lines": 0}, "missing_lines": [], "excluded_lines": []}, "test_is_processed": {"executed_lines": [33, 34, 36, 37], "summary": {"covered_lines": 4, "num_statements": 4, "percent_covered": 100.0, "percent_covered_display": "100", "missing_lines": 0, "excluded_lines": 0}, "missing_lines": [], "excluded_lines": []}, "test_mark_processed_saves_state": {"executed_lines": [41, 42, 44, 45, 46, 47, 48], "summary": {"covered_lines": 7, "num_statements": 7, "percent_covered": 100.0, "percent_covered_display": "100", "missing_lines": 0, "excluded_lines": 0}, "missing_lines": [], "excluded_lines": []}, "test_mark_batch_processed": {"executed_lines": [52, 53, 54, 56, 57, 58], "summary": {"covered_lines": 6, "num_statements": 6, "percent_covered": 100.0, "percent_covered_display": "100", "missing_lines": 0, "excluded_lines": 0}, "missing_lines": [], "excluded_lines": []}, "test_state_file_sorted": {"executed_lines": [62, 63, 65, 66, 67], "summary": {"covered_lines": 5, "num_statements": 5, "percent_covered": 100.0, "percent_covered_display": "100", "missing_lines": 0, "excluded_lines": 0}, "missing_lines": [], "excluded_lines": []}, "test_corrupted_state_file_handled": {"executed_lines": [71, 72, 73, 75, 76], "summary": {"covered_lines": 5, "num_statements": 5, "percent_covered": 100.0, "percent_covered_display": "100", "missing_lines": 0, "excluded_lines": 0}, "missing_lines": [], "excluded_lines": []}, "test_unicode_whitespace_normalization": {"executed_lines": [81, 84, 85, 88, 91, 94, 95, 96], "summary": {"covered_lines": 8, "num_statements": 8, "percent_covered": 100.0, "percent_covered_display": "100", "missing_lines": 0, "excluded_lines": 0}, "missing_lines": [], "excluded_lines": []}, "": {"executed_lines": [1, 3, 5, 7, 10, 11, 15, 21, 32, 40, 51, 61, 70, 79], "summary": {"covered_lines": 13, "num_statements": 13, "percent_covered": 100.0, "percent_covered_display": "100", "missing_lines": 0, "excluded_lines": 0}, "missing_lines": [], "excluded_lines": []}}, "classes": {"": {"executed_lines": [1, 3, 5, 7, 10, 11, 12, 15, 16, 17, 18, 21, 22, 23, 24, 25, 27, 28, 29, 32, 33, 34, 36, 37, 40, 41, 42, 44, 45, 46, 47, 48, 51, 52, 53, 54, 56, 57, 58, 61, 62, 63, 65, 66, 67, 70, 71, 72, 73, 75, 76, 79, 81, 84, 85, 88, 91, 94, 95, 96], "summary": {"covered_lines": 59, "num_statements": 59, "percent_covered": 100.0, "percent_covered_display": "100", "missing_lines": 0, "excluded_lines": 0}, "missing_lines": [], "excluded_lines": []}}}, "tests/test_watcher.py": {"executed_lines": [1, 3, 5, 7, 10, 11, 12, 13, 15, 16, 18, 19, 20, 22, 23, 24, 26, 29, 30, 31, 33, 34, 36, 37, 38, 39, 40, 41, 44, 45, 47, 48, 50, 52, 53, 55, 56, 57, 58, 61, 62, 63, 65, 66, 68, 71, 72, 73, 75, 76, 78, 79, 81, 84, 85, 86, 87, 89, 90, 92, 93, 95, 96], "summary": {"covered_lines": 62, "num_statements": 62, "percent_covered": 100.0, "percent_covered_display": "100", "missing_lines": 0, "excluded_lines": 0}, "missing_lines": [], "excluded_lines": [], "functions": {"temp_watch_dir": {"executed_lines": [12, 13, 15, 16, 18, 19, 20, 22, 23, 24, 26], "summary": {"covered_lines": 11, "num_statements": 11, "percent_covered": 100.0, "percent_covered_display": "100", "missing_lines": 0, "excluded_lines": 0}, "missing_lines": [], "excluded_lines": []}, "test_scan_existing_files_finds_images": {"executed_lines": [30, 31, 33, 34, 36, 37, 38, 39, 40, 41], "summary": {"covered_lines": 10, "num_statements": 10, "percent_covered": 100.0, "percent_covered_display": "100", "missing_lines": 0, "excluded_lines": 0}, "missing_lines": [], "excluded_lines": []}, "test_scan_existing_files_skips_processed": {"executed_lines": [45, 47, 50, 52, 53, 55, 56, 57, 58], "summary": {"covered_lines": 9, "num_statements": 9, "percent_covered": 100.0, "percent_covered_display": "100", "missing_lines": 0, "excluded_lines": 0}, "missing_lines": [], "excluded_lines": []}, "test_scan_existing_files_skips_processed.is_processed": {"executed_lines": [48], "summary": {"covered_lines": 1, "num_statements": 1, "percent_covered": 100.0, "percent_covered_display": "100", "missing_lines": 0, "excluded_lines": 0}, "missing_lines": [], "excluded_lines": []}, "test_scan_existing_files_nonexistent_dir": {"executed_lines": [62, 63, 65, 66, 68], "summary": {"covered_lines": 5, "num_statements": 5, "percent_covered": 100.0, "percent_covered_display": "100", "missing_lines": 0, "excluded_lines": 0}, "missing_lines": [], "excluded_lines": []}, "test_scan_existing_files_empty_dir": {"executed_lines": [72, 73, 75, 76, 78, 79, 81], "summary": {"covered_lines": 7, "num_statements": 7, "percent_covered": 100.0, "percent_covered_display": "100", "missing_lines": 0, "excluded_lines": 0}, "missing_lines": [], "excluded_lines": []}, "test_scan_existing_files_recursive": {"executed_lines": [85, 86, 87, 89, 90, 92, 93, 95, 96], "summary": {"covered_lines": 9, "num_statements": 9, "percent_covered": 100.0, "percent_covered_display": "100", "missing_lines": 0, "excluded_lines": 0}, "missing_lines": [], "excluded_lines": []}, "": {"executed_lines": [1, 3, 5, 7, 10, 11, 29, 44, 61, 71, 84], "summary": {"covered_lines": 10, "num_statements": 10, "percent_covered": 100.0, "percent_covered_display": "100", "missing_lines": 0, "excluded_lines": 0}, "missing_lines": [], "excluded_lines": []}}, "classes": {"": {"executed_lines": [1, 3, 5, 7, 10, 11, 12, 13, 15, 16, 18, 19, 20, 22, 23, 24, 26, 29, 30, 31, 33, 34, 36, 37, 38, 39, 40, 41, 44, 45, 47, 48, 50, 52, 53, 55, 56, 57, 58, 61, 62, 63, 65, 66, 68, 71, 72, 73, 75, 76, 78, 79, 81, 84, 85, 86, 87, 89, 90, 92, 93, 95, 96], "summary": {"covered_lines": 62, "num_statements": 62, "percent_covered": 100.0, "percent_covered_display": "100", "missing_lines": 0, "excluded_lines": 0}, "missing_lines": [], "excluded_lines": []}}}}, "totals": {"covered_lines": 2264, "num_statements": 2945, "percent_covered": 76.8760611205433, "percent_covered_display": "77", "missing_lines": 681, "excluded_lines": 2}}
